"../../../Engine/Content/EditorResources/S_Actor.ubulk" 0
"../../../Engine/Content/EditorResources/S_Actor.uasset" 1
"../../../Engine/Content/EditorResources/S_Actor.uexp" 2
"../../../Engine/Content/EditorResources/S_BoxReflectionCapture.uasset" 3
"../../../Engine/Content/EditorResources/S_BoxReflectionCapture.uexp" 4
"../../../Engine/Content/EngineResources/DefaultTexture.ubulk" 5
"../../../Engine/Content/EngineResources/DefaultTexture.uasset" 6
"../../../Engine/Content/EngineResources/DefaultTexture.uexp" 7
"../../../Engine/Content/EngineResources/DefaultTextureCube.uasset" 8
"../../../Engine/Content/EngineResources/DefaultTextureCube.uexp" 9
"../../../Engine/Content/EngineResources/DefaultVolumeTexture2D.uasset" 10
"../../../Engine/Content/EngineResources/DefaultVolumeTexture2D.uexp" 11
"../../../Engine/Content/EngineResources/DefaultVolumeTexture.uasset" 12
"../../../Engine/Content/EngineResources/DefaultVolumeTexture.uexp" 13
"../../../Engine/Content/EditorResources/S_Trigger.ubulk" 14
"../../../Engine/Content/EditorResources/S_Trigger.uasset" 15
"../../../Engine/Content/EditorResources/S_Trigger.uexp" 16
"../../../Engine/Content/EditorResources/S_TriggerBox.uasset" 17
"../../../Engine/Content/EditorResources/S_TriggerBox.uexp" 18
"../../../Engine/Content/EditorResources/S_TriggerCapsule.uasset" 19
"../../../Engine/Content/EditorResources/S_TriggerCapsule.uexp" 20
"../../../Engine/Content/EditorResources/S_TriggerSphere.uasset" 21
"../../../Engine/Content/EditorResources/S_TriggerSphere.uexp" 22
"../../../Engine/Content/EngineMeshes/Sphere.uasset" 23
"../../../Engine/Content/EngineMeshes/Sphere.uexp" 24
"../../../Engine/Content/EngineResources/GradientTexture0.uasset" 25
"../../../Engine/Content/EngineResources/GradientTexture0.uexp" 26
"../../../Engine/Content/VREditor/LaserPointer/VR_LaserPower_01.ubulk" 27
"../../../Engine/Content/VREditor/LaserPointer/VR_LaserPower_01.uasset" 28
"../../../Engine/Content/VREditor/LaserPointer/VR_LaserPower_01.uexp" 29
"../../../Engine/Content/VREditor/TransformGizmo/TransformGizmoMaterial.uasset" 30
"../../../Engine/Content/VREditor/TransformGizmo/TransformGizmoMaterial.uexp" 31
"../../../Engine/Content/VREditor/TransformGizmo/TranslucentTransformGizmoMaterial.uasset" 32
"../../../Engine/Content/VREditor/TransformGizmo/TranslucentTransformGizmoMaterial.uexp" 33
"../../../Engine/Content/VREditor/TransformGizmo/PlaneTranslationHandle.uasset" 34
"../../../Engine/Content/VREditor/TransformGizmo/PlaneTranslationHandle.uexp" 35
"../../../Engine/Content/VREditor/TransformGizmo/BoundingBoxCorner.uasset" 36
"../../../Engine/Content/VREditor/TransformGizmo/BoundingBoxCorner.uexp" 37
"../../../Engine/Content/VREditor/TransformGizmo/BoundingBoxEdge.uasset" 38
"../../../Engine/Content/VREditor/TransformGizmo/BoundingBoxEdge.uexp" 39
"../../../Engine/Content/VREditor/TransformGizmo/Main.uasset" 40
"../../../Engine/Content/VREditor/TransformGizmo/Main.uexp" 41
"../../../Engine/Content/VREditor/TransformGizmo/Xray.uasset" 42
"../../../Engine/Content/VREditor/TransformGizmo/Xray.uexp" 43
"../../../Engine/Content/VREditor/TransformGizmo/SM_Sequencer_Node.uasset" 44
"../../../Engine/Content/VREditor/TransformGizmo/SM_Sequencer_Node.uexp" 45
"../../../Engine/Content/EditorMaterials/Camera/CineMat.uasset" 46
"../../../Engine/Content/EditorMaterials/Camera/CineMat.uexp" 47
"../../../Engine/Content/EditorMaterials/Camera/MI_CineMat_Rig.uasset" 48
"../../../Engine/Content/EditorMaterials/Camera/MI_CineMat_Rig.uexp" 49
"../../../Engine/Content/EditorMeshes/Camera/SM_CraneRig_Base.uasset" 50
"../../../Engine/Content/EditorMeshes/Camera/SM_CraneRig_Base.uexp" 51
"../../../Engine/Content/EditorMeshes/Camera/SM_CraneRig_Arm.uasset" 52
"../../../Engine/Content/EditorMeshes/Camera/SM_CraneRig_Arm.uexp" 53
"../../../Engine/Content/EditorMeshes/Camera/SM_CraneRig_Mount.uasset" 54
"../../../Engine/Content/EditorMeshes/Camera/SM_CraneRig_Mount.uexp" 55
"../../../Engine/Content/EditorMeshes/Camera/SM_CraneRig_Body.uasset" 56
"../../../Engine/Content/EditorMeshes/Camera/SM_CraneRig_Body.uexp" 57
"../../../Engine/Content/EditorMeshes/Camera/SM_RailRig_Track.uasset" 58
"../../../Engine/Content/EditorMeshes/Camera/SM_RailRig_Track.uexp" 59
"../../../Engine/Content/EditorMeshes/Camera/SM_RailRig_Mount.uasset" 60
"../../../Engine/Content/EditorMeshes/Camera/SM_RailRig_Mount.uexp" 61
"../../../Engine/Content/EngineMaterials/T_Default_Material_Grid_M.ubulk" 62
"../../../Engine/Content/EngineMaterials/T_Default_Material_Grid_M.uasset" 63
"../../../Engine/Content/EngineMaterials/T_Default_Material_Grid_M.uexp" 64
"../../../Engine/Content/EngineMaterials/T_Default_Material_Grid_N.ubulk" 65
"../../../Engine/Content/EngineMaterials/T_Default_Material_Grid_N.uasset" 66
"../../../Engine/Content/EngineMaterials/T_Default_Material_Grid_N.uexp" 67
"../../../Engine/Content/Functions/Engine_MaterialFunctions01/Opacity/CameraDepthFade.uasset" 68
"../../../Engine/Content/Functions/Engine_MaterialFunctions01/Opacity/CameraDepthFade.uexp" 69
"../../../Engine/Content/EngineMaterials/WorldGridMaterial.uasset" 70
"../../../Engine/Content/EngineMaterials/WorldGridMaterial.uexp" 71
"../../../Engine/Content/ArtTools/RenderToTexture/Meshes/S_1_Unit_Plane.uasset" 72
"../../../Engine/Content/ArtTools/RenderToTexture/Meshes/S_1_Unit_Plane.uexp" 73
"../../../Engine/Content/EditorMaterials/ParticleSystems/PSysThumbnail_NoImage.ubulk" 74
"../../../Engine/Content/EditorMaterials/ParticleSystems/PSysThumbnail_NoImage.uasset" 75
"../../../Engine/Content/EditorMaterials/ParticleSystems/PSysThumbnail_NoImage.uexp" 76
"../../../Engine/Content/EditorMaterials/ParticleSystems/PSysThumbnail_OOD.ubulk" 77
"../../../Engine/Content/EditorMaterials/ParticleSystems/PSysThumbnail_OOD.uasset" 78
"../../../Engine/Content/EditorMaterials/ParticleSystems/PSysThumbnail_OOD.uexp" 79
"../../../Engine/Content/EditorLandscapeResources/SplineEditorMeshMat.uasset" 80
"../../../Engine/Content/EditorLandscapeResources/SplineEditorMeshMat.uexp" 81
"../../../Engine/Content/EditorLandscapeResources/SplineEditorMesh.uasset" 82
"../../../Engine/Content/EditorLandscapeResources/SplineEditorMesh.uexp" 83
"../../../Engine/Content/EditorResources/S_Solver.ubulk" 84
"../../../Engine/Content/EditorResources/S_Solver.uasset" 85
"../../../Engine/Content/EditorResources/S_Solver.uexp" 86
"../../../Engine/Plugins/Marketplace/OculusXR/Content/Textures/TouchForQuestRiftSController_albedo.ubulk" 87
"../../../Engine/Plugins/Marketplace/OculusXR/Content/Textures/TouchForQuestRiftSController_albedo.uasset" 88
"../../../Engine/Plugins/Marketplace/OculusXR/Content/Textures/TouchForQuestRiftSController_albedo.uexp" 89
"../../../Engine/Plugins/Marketplace/OculusXR/Content/Materials/TouchForQuestRiftSControllerMaterial.uasset" 90
"../../../Engine/Plugins/Marketplace/OculusXR/Content/Materials/TouchForQuestRiftSControllerMaterial.uexp" 91
"../../../Engine/Plugins/Marketplace/OculusXR/Content/Meshes/LeftTouchForQuestRiftSController.uasset" 92
"../../../Engine/Plugins/Marketplace/OculusXR/Content/Meshes/LeftTouchForQuestRiftSController.uexp" 93
"../../../Engine/Plugins/Marketplace/OculusXR/Content/Meshes/RightTouchForQuestRiftSController.uasset" 94
"../../../Engine/Plugins/Marketplace/OculusXR/Content/Meshes/RightTouchForQuestRiftSController.uexp" 95
"../../../Engine/Plugins/Media/MediaPlate/Content/SM_MediaPlateScreen.uasset" 96
"../../../Engine/Plugins/Media/MediaPlate/Content/SM_MediaPlateScreen.uexp" 97
"../../../Engine/Content/EngineMaterials/BaseFlattenNormalMap.uasset" 98
"../../../Engine/Content/EngineMaterials/BaseFlattenNormalMap.uexp" 99
"../../../Engine/Content/EngineResources/Black.uasset" 100
"../../../Engine/Content/EngineResources/Black.uexp" 101
"../../../Engine/Plugins/Runtime/OpenXR/Content/Devices/M_XRController.uasset" 102
"../../../Engine/Plugins/Runtime/OpenXR/Content/Devices/M_XRController.uexp" 103
"../../../Engine/Plugins/Runtime/OpenXR/Content/Devices/HTCVive/BaseTexture.ubulk" 104
"../../../Engine/Plugins/Runtime/OpenXR/Content/Devices/HTCVive/BaseTexture.uasset" 105
"../../../Engine/Plugins/Runtime/OpenXR/Content/Devices/HTCVive/BaseTexture.uexp" 106
"../../../Engine/Plugins/Runtime/OpenXR/Content/Devices/HTCVive/MI_HTCVive.uasset" 107
"../../../Engine/Plugins/Runtime/OpenXR/Content/Devices/HTCVive/MI_HTCVive.uexp" 108
"../../../Engine/Plugins/Runtime/OpenXR/Content/Devices/HTCVive/HTCViveController.uasset" 109
"../../../Engine/Plugins/Runtime/OpenXR/Content/Devices/HTCVive/HTCViveController.uexp" 110
"../../../Engine/Plugins/Runtime/OpenXR/Content/Devices/MicrosoftMixedReality/NormalTexture.ubulk" 111
"../../../Engine/Plugins/Runtime/OpenXR/Content/Devices/MicrosoftMixedReality/NormalTexture.uasset" 112
"../../../Engine/Plugins/Runtime/OpenXR/Content/Devices/MicrosoftMixedReality/NormalTexture.uexp" 113
"../../../Engine/Plugins/Runtime/OpenXR/Content/Devices/MicrosoftMixedReality/EmissiveTexture.ubulk" 114
"../../../Engine/Plugins/Runtime/OpenXR/Content/Devices/MicrosoftMixedReality/EmissiveTexture.uasset" 115
"../../../Engine/Plugins/Runtime/OpenXR/Content/Devices/MicrosoftMixedReality/EmissiveTexture.uexp" 116
"../../../Engine/Plugins/Runtime/OpenXR/Content/Devices/MicrosoftMixedReality/BaseTexture.ubulk" 117
"../../../Engine/Plugins/Runtime/OpenXR/Content/Devices/MicrosoftMixedReality/BaseTexture.uasset" 118
"../../../Engine/Plugins/Runtime/OpenXR/Content/Devices/MicrosoftMixedReality/BaseTexture.uexp" 119
"../../../Engine/Plugins/Runtime/OpenXR/Content/Devices/MicrosoftMixedReality/MRTexture.ubulk" 120
"../../../Engine/Plugins/Runtime/OpenXR/Content/Devices/MicrosoftMixedReality/MRTexture.uasset" 121
"../../../Engine/Plugins/Runtime/OpenXR/Content/Devices/MicrosoftMixedReality/MRTexture.uexp" 122
"../../../Engine/Plugins/Runtime/OpenXR/Content/Devices/MicrosoftMixedReality/MI_MicrosoftMixedReality.uasset" 123
"../../../Engine/Plugins/Runtime/OpenXR/Content/Devices/MicrosoftMixedReality/MI_MicrosoftMixedReality.uexp" 124
"../../../Engine/Plugins/Runtime/OpenXR/Content/Devices/MicrosoftMixedReality/Left/left_MicrosoftMixedRealityController.uasset" 125
"../../../Engine/Plugins/Runtime/OpenXR/Content/Devices/MicrosoftMixedReality/Left/left_MicrosoftMixedRealityController.uexp" 126
"../../../Engine/Plugins/Runtime/OpenXR/Content/Devices/MicrosoftMixedReality/Right/right_MicrosoftMixedRealityController.uasset" 127
"../../../Engine/Plugins/Runtime/OpenXR/Content/Devices/MicrosoftMixedReality/Right/right_MicrosoftMixedRealityController.uexp" 128
"../../../Engine/Plugins/Runtime/OpenXR/Content/Devices/OculusGo/BaseTexture.ubulk" 129
"../../../Engine/Plugins/Runtime/OpenXR/Content/Devices/OculusGo/BaseTexture.uasset" 130
"../../../Engine/Plugins/Runtime/OpenXR/Content/Devices/OculusGo/BaseTexture.uexp" 131
"../../../Engine/Plugins/Runtime/OpenXR/Content/Devices/OculusGo/MI_OculusGo.uasset" 132
"../../../Engine/Plugins/Runtime/OpenXR/Content/Devices/OculusGo/MI_OculusGo.uexp" 133
"../../../Engine/Plugins/Runtime/OpenXR/Content/Devices/OculusGo/OculusGoController.uasset" 134
"../../../Engine/Plugins/Runtime/OpenXR/Content/Devices/OculusGo/OculusGoController.uexp" 135
"../../../Engine/Plugins/Runtime/OpenXR/Content/Devices/OculusTouch/BaseTexture.ubulk" 136
"../../../Engine/Plugins/Runtime/OpenXR/Content/Devices/OculusTouch/BaseTexture.uasset" 137
"../../../Engine/Plugins/Runtime/OpenXR/Content/Devices/OculusTouch/BaseTexture.uexp" 138
"../../../Engine/Plugins/Runtime/OpenXR/Content/Devices/OculusTouch/MRTexture.ubulk" 139
"../../../Engine/Plugins/Runtime/OpenXR/Content/Devices/OculusTouch/MRTexture.uasset" 140
"../../../Engine/Plugins/Runtime/OpenXR/Content/Devices/OculusTouch/MRTexture.uexp" 141
"../../../Engine/Plugins/Runtime/OpenXR/Content/Devices/OculusTouch/MI_OculusTouch.uasset" 142
"../../../Engine/Plugins/Runtime/OpenXR/Content/Devices/OculusTouch/MI_OculusTouch.uexp" 143
"../../../Engine/Plugins/Runtime/OpenXR/Content/Devices/OculusTouch/Left/left_OculusTouchController.uasset" 144
"../../../Engine/Plugins/Runtime/OpenXR/Content/Devices/OculusTouch/Left/left_OculusTouchController.uexp" 145
"../../../Engine/Plugins/Runtime/OpenXR/Content/Devices/OculusTouch/Right/right_OculusTouchController.uasset" 146
"../../../Engine/Plugins/Runtime/OpenXR/Content/Devices/OculusTouch/Right/right_OculusTouchController.uexp" 147
"../../../Engine/Plugins/Runtime/OpenXR/Content/Devices/ValveIndex/MRTexture.ubulk" 148
"../../../Engine/Plugins/Runtime/OpenXR/Content/Devices/ValveIndex/MRTexture.uasset" 149
"../../../Engine/Plugins/Runtime/OpenXR/Content/Devices/ValveIndex/MRTexture.uexp" 150
"../../../Engine/Plugins/Runtime/OpenXR/Content/Devices/ValveIndex/BaseTexture.ubulk" 151
"../../../Engine/Plugins/Runtime/OpenXR/Content/Devices/ValveIndex/BaseTexture.uasset" 152
"../../../Engine/Plugins/Runtime/OpenXR/Content/Devices/ValveIndex/BaseTexture.uexp" 153
"../../../Engine/Plugins/Runtime/OpenXR/Content/Devices/ValveIndex/Left/MI_left_ValveIndex.uasset" 154
"../../../Engine/Plugins/Runtime/OpenXR/Content/Devices/ValveIndex/Left/MI_left_ValveIndex.uexp" 155
"../../../Engine/Plugins/Runtime/OpenXR/Content/Devices/ValveIndex/Left/left_ValveIndexController.uasset" 156
"../../../Engine/Plugins/Runtime/OpenXR/Content/Devices/ValveIndex/Left/left_ValveIndexController.uexp" 157
"../../../Engine/Plugins/Runtime/OpenXR/Content/Devices/ValveIndex/Right/MI_right_ValveIndex.uasset" 158
"../../../Engine/Plugins/Runtime/OpenXR/Content/Devices/ValveIndex/Right/MI_right_ValveIndex.uexp" 159
"../../../Engine/Plugins/Runtime/OpenXR/Content/Devices/ValveIndex/Right/right_ValveIndexController.uasset" 160
"../../../Engine/Plugins/Runtime/OpenXR/Content/Devices/ValveIndex/Right/right_ValveIndexController.uexp" 161
"../../../Engine/Plugins/Runtime/OpenXR/Content/Devices/OculusTouch_v2/BaseTexture.ubulk" 162
"../../../Engine/Plugins/Runtime/OpenXR/Content/Devices/OculusTouch_v2/BaseTexture.uasset" 163
"../../../Engine/Plugins/Runtime/OpenXR/Content/Devices/OculusTouch_v2/BaseTexture.uexp" 164
"../../../Engine/Plugins/Runtime/OpenXR/Content/Devices/OculusTouch_v2/MRTexture.ubulk" 165
"../../../Engine/Plugins/Runtime/OpenXR/Content/Devices/OculusTouch_v2/MRTexture.uasset" 166
"../../../Engine/Plugins/Runtime/OpenXR/Content/Devices/OculusTouch_v2/MRTexture.uexp" 167
"../../../Engine/Plugins/Runtime/OpenXR/Content/Devices/OculusTouch_v2/MI_OculusTouch_v2.uasset" 168
"../../../Engine/Plugins/Runtime/OpenXR/Content/Devices/OculusTouch_v2/MI_OculusTouch_v2.uexp" 169
"../../../Engine/Plugins/Runtime/OpenXR/Content/Devices/OculusTouch_v2/Left/left_OculusTouch_v2Controller.uasset" 170
"../../../Engine/Plugins/Runtime/OpenXR/Content/Devices/OculusTouch_v2/Left/left_OculusTouch_v2Controller.uexp" 171
"../../../Engine/Plugins/Runtime/OpenXR/Content/Devices/OculusTouch_v2/Right/right_OculusTouch_v2Controller.uasset" 172
"../../../Engine/Plugins/Runtime/OpenXR/Content/Devices/OculusTouch_v2/Right/right_OculusTouch_v2Controller.uexp" 173
"../../../Engine/Plugins/Runtime/OpenXR/Content/Devices/OculusTouch_v3/MRTexture.ubulk" 174
"../../../Engine/Plugins/Runtime/OpenXR/Content/Devices/OculusTouch_v3/MRTexture.uasset" 175
"../../../Engine/Plugins/Runtime/OpenXR/Content/Devices/OculusTouch_v3/MRTexture.uexp" 176
"../../../Engine/Plugins/Runtime/OpenXR/Content/Devices/OculusTouch_v3/BaseTexture.ubulk" 177
"../../../Engine/Plugins/Runtime/OpenXR/Content/Devices/OculusTouch_v3/BaseTexture.uasset" 178
"../../../Engine/Plugins/Runtime/OpenXR/Content/Devices/OculusTouch_v3/BaseTexture.uexp" 179
"../../../Engine/Plugins/Runtime/OpenXR/Content/Devices/OculusTouch_v3/MI_OculusTouch_v3.uasset" 180
"../../../Engine/Plugins/Runtime/OpenXR/Content/Devices/OculusTouch_v3/MI_OculusTouch_v3.uexp" 181
"../../../Engine/Plugins/Runtime/OpenXR/Content/Devices/OculusTouch_v3/Left/left_OculusTouch_v3Controller.uasset" 182
"../../../Engine/Plugins/Runtime/OpenXR/Content/Devices/OculusTouch_v3/Left/left_OculusTouch_v3Controller.uexp" 183
"../../../Engine/Plugins/Runtime/OpenXR/Content/Devices/OculusTouch_v3/Right/right_OculusTouch_v3Controller.uasset" 184
"../../../Engine/Plugins/Runtime/OpenXR/Content/Devices/OculusTouch_v3/Right/right_OculusTouch_v3Controller.uexp" 185
"../../../Engine/Content/EngineMaterials/DefaultBokeh.uasset" 186
"../../../Engine/Content/EngineMaterials/DefaultBokeh.uexp" 187
"../../../Engine/Content/EngineMaterials/PreintegratedSkinBRDF.uasset" 188
"../../../Engine/Content/EngineMaterials/PreintegratedSkinBRDF.uexp" 189
"../../../Engine/Content/EngineMaterials/MiniFont.uasset" 190
"../../../Engine/Content/EngineMaterials/MiniFont.uexp" 191
"../../../Engine/Content/EngineMaterials/WeightMapPlaceholderTexture.uasset" 192
"../../../Engine/Content/EngineMaterials/WeightMapPlaceholderTexture.uexp" 193
"../../../Engine/Content/EngineMaterials/DefaultWhiteGrid.ubulk" 194
"../../../Engine/Content/EngineMaterials/DefaultWhiteGrid.uasset" 195
"../../../Engine/Content/EngineMaterials/DefaultWhiteGrid.uexp" 196
"../../../Engine/Content/Animation/DefaultAnimBoneCompressionSettings.uasset" 197
"../../../Engine/Content/Animation/DefaultAnimBoneCompressionSettings.uexp" 198
"../../../Engine/Content/BasicShapes/Plane.uasset" 199
"../../../Engine/Content/BasicShapes/Plane.uexp" 200
"../../../Engine/Content/BasicShapes/Cube.uasset" 201
"../../../Engine/Content/BasicShapes/Cube.uexp" 202
"../../../Engine/Content/EngineMaterials/DefaultMaterial.uasset" 203
"../../../Engine/Content/EngineMaterials/DefaultMaterial.uexp" 204
"../../../Engine/Content/BasicShapes/Cone.uasset" 205
"../../../Engine/Content/BasicShapes/Cone.uexp" 206
"../../../Engine/Content/EditorLandscapeResources/DefaultAlphaTexture.uasset" 207
"../../../Engine/Content/EditorLandscapeResources/DefaultAlphaTexture.uexp" 208
"../../../Engine/Content/EditorLandscapeResources/DataLayer.uasset" 209
"../../../Engine/Content/EditorLandscapeResources/DataLayer.uexp" 210
"../../../Engine/Content/EditorMaterials/PreviewShadowIndicator.ubulk" 211
"../../../Engine/Content/EditorMaterials/PreviewShadowIndicator.uasset" 212
"../../../Engine/Content/EditorMaterials/PreviewShadowIndicator.uexp" 213
"../../../Engine/Content/EditorMaterials/PreviewShadowIndicatorMaterial.uasset" 214
"../../../Engine/Content/EditorMaterials/PreviewShadowIndicatorMaterial.uexp" 215
"../../../Engine/Content/EditorMaterials/PhAT_UnselectedMaterial.uasset" 216
"../../../Engine/Content/EditorMaterials/PhAT_UnselectedMaterial.uexp" 217
"../../../Engine/Content/EditorMaterials/PhAT_NoCollisionMaterial.uasset" 218
"../../../Engine/Content/EditorMaterials/PhAT_NoCollisionMaterial.uexp" 219
"../../../Engine/Content/Functions/Engine_MaterialFunctions02/Utility/MakeFloat4.uasset" 220
"../../../Engine/Content/Functions/Engine_MaterialFunctions02/Utility/MakeFloat4.uexp" 221
"../../../Engine/Content/Functions/Engine_MaterialFunctions02/Utility/MakeFloat3.uasset" 222
"../../../Engine/Content/Functions/Engine_MaterialFunctions02/Utility/MakeFloat3.uexp" 223
"../../../Engine/Content/Functions/Engine_MaterialFunctions02/Utility/BreakOutFloat3Components.uasset" 224
"../../../Engine/Content/Functions/Engine_MaterialFunctions02/Utility/BreakOutFloat3Components.uexp" 225
"../../../Engine/Content/EditorMaterials/WorldPartition/WorldPartitionSpatialHashGridPreviewMaterial.uasset" 226
"../../../Engine/Content/EditorMaterials/WorldPartition/WorldPartitionSpatialHashGridPreviewMaterial.uexp" 227
"D:/uni/vr/JunkJavelinVR/Content/VRTemplate/Input/Actions/Hands/IA_Hand_Point_Left.uasset" 228
"D:/uni/vr/JunkJavelinVR/Content/VRTemplate/Input/Actions/Hands/IA_Hand_Point_Left.uexp" 229
"D:/uni/vr/JunkJavelinVR/Content/VRTemplate/Input/Actions/Hands/IA_Hand_ThumbUp_Left.uasset" 230
"D:/uni/vr/JunkJavelinVR/Content/VRTemplate/Input/Actions/Hands/IA_Hand_ThumbUp_Left.uexp" 231
"D:/uni/vr/JunkJavelinVR/Content/VRTemplate/Input/Actions/Hands/IA_Hand_IndexCurl_Right.uasset" 232
"D:/uni/vr/JunkJavelinVR/Content/VRTemplate/Input/Actions/Hands/IA_Hand_IndexCurl_Right.uexp" 233
"D:/uni/vr/JunkJavelinVR/Content/VRTemplate/Input/Actions/Hands/IA_Hand_Point_Right.uasset" 234
"D:/uni/vr/JunkJavelinVR/Content/VRTemplate/Input/Actions/Hands/IA_Hand_Point_Right.uexp" 235
"D:/uni/vr/JunkJavelinVR/Content/VRTemplate/Input/Actions/Hands/IA_Hand_Grasp_Right.uasset" 236
"D:/uni/vr/JunkJavelinVR/Content/VRTemplate/Input/Actions/Hands/IA_Hand_Grasp_Right.uexp" 237
"D:/uni/vr/JunkJavelinVR/Content/VRTemplate/Input/Actions/Hands/IA_Hand_Grasp_Left.uasset" 238
"D:/uni/vr/JunkJavelinVR/Content/VRTemplate/Input/Actions/Hands/IA_Hand_Grasp_Left.uexp" 239
"D:/uni/vr/JunkJavelinVR/Content/VRTemplate/Input/Actions/Hands/IA_Hand_IndexCurl_Left.uasset" 240
"D:/uni/vr/JunkJavelinVR/Content/VRTemplate/Input/Actions/Hands/IA_Hand_IndexCurl_Left.uexp" 241
"D:/uni/vr/JunkJavelinVR/Content/VRTemplate/Input/Actions/Hands/IA_Hand_ThumbUp_Right.uasset" 242
"D:/uni/vr/JunkJavelinVR/Content/VRTemplate/Input/Actions/Hands/IA_Hand_ThumbUp_Right.uexp" 243
"D:/uni/vr/JunkJavelinVR/Content/VRTemplate/Input/IMC_Hands.uasset" 244
"D:/uni/vr/JunkJavelinVR/Content/VRTemplate/Input/IMC_Hands.uexp" 245
"D:/uni/vr/JunkJavelinVR/Content/VRTemplate/Input/Actions/IA_Menu_Toggle_Left.uasset" 246
"D:/uni/vr/JunkJavelinVR/Content/VRTemplate/Input/Actions/IA_Menu_Toggle_Left.uexp" 247
"D:/uni/vr/JunkJavelinVR/Content/VRTemplate/Input/B_InputModifier_XAxisPositiveOnly.uasset" 248
"D:/uni/vr/JunkJavelinVR/Content/VRTemplate/Input/B_InputModifier_XAxisPositiveOnly.uexp" 249
"D:/uni/vr/JunkJavelinVR/Content/VRTemplate/Input/Actions/IA_Move.uasset" 250
"D:/uni/vr/JunkJavelinVR/Content/VRTemplate/Input/Actions/IA_Move.uexp" 251
"D:/uni/vr/JunkJavelinVR/Content/VRTemplate/Input/Actions/IA_Turn.uasset" 252
"D:/uni/vr/JunkJavelinVR/Content/VRTemplate/Input/Actions/IA_Turn.uexp" 253
"D:/uni/vr/JunkJavelinVR/Content/VRTemplate/Input/Actions/IA_Menu_Toggle_Right.uasset" 254
"D:/uni/vr/JunkJavelinVR/Content/VRTemplate/Input/Actions/IA_Menu_Toggle_Right.uexp" 255
"D:/uni/vr/JunkJavelinVR/Content/VRTemplate/Input/Actions/IA_Grab_Left.uasset" 256
"D:/uni/vr/JunkJavelinVR/Content/VRTemplate/Input/Actions/IA_Grab_Left.uexp" 257
"D:/uni/vr/JunkJavelinVR/Content/VRTemplate/Input/Actions/IA_Grab_Right.uasset" 258
"D:/uni/vr/JunkJavelinVR/Content/VRTemplate/Input/Actions/IA_Grab_Right.uexp" 259
"D:/uni/vr/JunkJavelinVR/Content/VRTemplate/Input/IMC_Default.uasset" 260
"D:/uni/vr/JunkJavelinVR/Content/VRTemplate/Input/IMC_Default.uexp" 261
"D:/uni/vr/JunkJavelinVR/Content/VRTemplate/Input/Actions/IA_Shoot_Left.uasset" 262
"D:/uni/vr/JunkJavelinVR/Content/VRTemplate/Input/Actions/IA_Shoot_Left.uexp" 263
"D:/uni/vr/JunkJavelinVR/Content/VRTemplate/Input/IMC_Weapon_Left.uasset" 264
"D:/uni/vr/JunkJavelinVR/Content/VRTemplate/Input/IMC_Weapon_Left.uexp" 265
"D:/uni/vr/JunkJavelinVR/Content/VRTemplate/Input/Actions/IA_Shoot_Right.uasset" 266
"D:/uni/vr/JunkJavelinVR/Content/VRTemplate/Input/Actions/IA_Shoot_Right.uexp" 267
"D:/uni/vr/JunkJavelinVR/Content/VRTemplate/Input/IMC_Weapon_Right.uasset" 268
"D:/uni/vr/JunkJavelinVR/Content/VRTemplate/Input/IMC_Weapon_Right.uexp" 269
"D:/uni/vr/JunkJavelinVR/Content/VRTemplate/Input/Actions/IA_Menu_Cursor_Left.uasset" 270
"D:/uni/vr/JunkJavelinVR/Content/VRTemplate/Input/Actions/IA_Menu_Cursor_Left.uexp" 271
"D:/uni/vr/JunkJavelinVR/Content/VRTemplate/Input/Actions/IA_Menu_Cursor_Right.uasset" 272
"D:/uni/vr/JunkJavelinVR/Content/VRTemplate/Input/Actions/IA_Menu_Cursor_Right.uexp" 273
"D:/uni/vr/JunkJavelinVR/Content/VRTemplate/Input/Actions/IA_Menu_Interact_Right.uasset" 274
"D:/uni/vr/JunkJavelinVR/Content/VRTemplate/Input/Actions/IA_Menu_Interact_Right.uexp" 275
"D:/uni/vr/JunkJavelinVR/Content/VRTemplate/Input/Actions/IA_Menu_Interact_Left.uasset" 276
"D:/uni/vr/JunkJavelinVR/Content/VRTemplate/Input/Actions/IA_Menu_Interact_Left.uexp" 277
"D:/uni/vr/JunkJavelinVR/Content/VRTemplate/Input/IMC_Menu.uasset" 278
"D:/uni/vr/JunkJavelinVR/Content/VRTemplate/Input/IMC_Menu.uexp" 279
"D:/uni/vr/JunkJavelinVR/Content/VRTemplate/Input/PMI_VRTemplate.uasset" 280
"D:/uni/vr/JunkJavelinVR/Content/VRTemplate/Input/PMI_VRTemplate.uexp" 281
"../../../Engine/Content/EditorResources/S_Terrain.ubulk" 282
"../../../Engine/Content/EditorResources/S_Terrain.uasset" 283
"../../../Engine/Content/EditorResources/S_Terrain.uexp" 284
"../../../Engine/Content/EditorResources/EmptyActor.uasset" 285
"../../../Engine/Content/EditorResources/EmptyActor.uexp" 286
"../../../Engine/Content/EditorResources/BSPVertex.uasset" 287
"../../../Engine/Content/EditorResources/BSPVertex.uexp" 288
"../../../Engine/Content/EditorResources/SequenceRecorder/RecordingIndicator.uasset" 289
"../../../Engine/Content/EditorResources/SequenceRecorder/RecordingIndicator.uexp" 290
"../../../Engine/Content/EditorResources/SequenceRecorder/Countdown.uasset" 291
"../../../Engine/Content/EditorResources/SequenceRecorder/Countdown.uexp" 292
"../../../Engine/Content/EngineDamageTypes/DmgTypeBP_Environmental.uasset" 293
"../../../Engine/Content/EngineDamageTypes/DmgTypeBP_Environmental.uexp" 294
"../../../Engine/Content/Functions/Engine_MaterialFunctions02/Utility/CameraDirectionVector.uasset" 295
"../../../Engine/Content/Functions/Engine_MaterialFunctions02/Utility/CameraDirectionVector.uexp" 296
"../../../Engine/Content/EngineDebugMaterials/VolumeToRender.uasset" 297
"../../../Engine/Content/EngineDebugMaterials/VolumeToRender.uexp" 298
"../../../Engine/Content/EngineDebugMaterials/M_VolumeRenderSphereTracePP.uasset" 299
"../../../Engine/Content/EngineDebugMaterials/M_VolumeRenderSphereTracePP.uexp" 300
"../../../Engine/Content/EngineDebugMaterials/M_SimpleUnlitTranslucent.uasset" 301
"../../../Engine/Content/EngineDebugMaterials/M_SimpleUnlitTranslucent.uexp" 302
"../../../Engine/Content/EngineDebugMaterials/DebugMeshMaterial.uasset" 303
"../../../Engine/Content/EngineDebugMaterials/DebugMeshMaterial.uexp" 304
"../../../Engine/Content/EngineDebugMaterials/DebugEditorMaterial.uasset" 305
"../../../Engine/Content/EngineDebugMaterials/DebugEditorMaterial.uexp" 306
"../../../Engine/Content/EngineFonts/Faces/RobotoLight.uexp" 307
"../../../Engine/Content/EngineFonts/Faces/RobotoLight.uasset" 308
"../../../Engine/Content/EngineFonts/Faces/RobotoLight.ufont" 309
"../../../Engine/Content/EngineFonts/Faces/RobotoBold.uexp" 310
"../../../Engine/Content/EngineFonts/Faces/RobotoBold.uasset" 311
"../../../Engine/Content/EngineFonts/Faces/RobotoBold.ufont" 312
"../../../Engine/Content/EngineFonts/Faces/RobotoRegular.uexp" 313
"../../../Engine/Content/EngineFonts/Faces/RobotoRegular.uasset" 314
"../../../Engine/Content/EngineFonts/Faces/RobotoRegular.ufont" 315
"../../../Engine/Content/EngineFonts/Faces/DroidSansFallback.uexp" 316
"../../../Engine/Content/EngineFonts/Faces/DroidSansFallback.uasset" 317
"../../../Engine/Content/EngineFonts/Faces/DroidSansFallback.ufont" 318
"../../../Engine/Content/EngineFonts/Faces/RobotoItalic.uexp" 319
"../../../Engine/Content/EngineFonts/Faces/RobotoItalic.uasset" 320
"../../../Engine/Content/EngineFonts/Faces/RobotoItalic.ufont" 321
"../../../Engine/Content/EngineFonts/Faces/RobotoBoldItalic.uexp" 322
"../../../Engine/Content/EngineFonts/Faces/RobotoBoldItalic.uasset" 323
"../../../Engine/Content/EngineFonts/Faces/RobotoBoldItalic.ufont" 324
"../../../Engine/Content/EngineFonts/Roboto.uasset" 325
"../../../Engine/Content/EngineFonts/Roboto.uexp" 326
"../../../Engine/Content/EngineResources/WhiteSquareTexture.uasset" 327
"../../../Engine/Content/EngineResources/WhiteSquareTexture.uexp" 328
"../../../Engine/Content/EngineMaterials/Widget3DPassThrough.uasset" 329
"../../../Engine/Content/EngineMaterials/Widget3DPassThrough.uexp" 330
"../../../Engine/Content/EngineMaterials/Widget3DPassThrough_Translucent.uasset" 331
"../../../Engine/Content/EngineMaterials/Widget3DPassThrough_Translucent.uexp" 332
"../../../Engine/Content/EngineMaterials/Widget3DPassThrough_Translucent_OneSided.uasset" 333
"../../../Engine/Content/EngineMaterials/Widget3DPassThrough_Translucent_OneSided.uexp" 334
"../../../Engine/Content/EngineMaterials/Widget3DPassThrough_Opaque.uasset" 335
"../../../Engine/Content/EngineMaterials/Widget3DPassThrough_Opaque.uexp" 336
"../../../Engine/Content/EngineMaterials/Widget3DPassThrough_Opaque_OneSided.uasset" 337
"../../../Engine/Content/EngineMaterials/Widget3DPassThrough_Opaque_OneSided.uexp" 338
"../../../Engine/Content/EngineMaterials/Widget3DPassThrough_Masked_OneSided.uasset" 339
"../../../Engine/Content/EngineMaterials/Widget3DPassThrough_Masked_OneSided.uexp" 340
"../../../Engine/Content/EngineMaterials/Widget3DPassThrough_Masked.uasset" 341
"../../../Engine/Content/EngineMaterials/Widget3DPassThrough_Masked.uexp" 342
"../../../Engine/Content/EngineMaterials/STBlueNoise_vec2_128x128x64.uasset" 343
"../../../Engine/Content/EngineMaterials/STBlueNoise_vec2_128x128x64.uexp" 344
"../../../Engine/Content/EngineMaterials/STBlueNoise_scalar_128x128x64.uasset" 345
"../../../Engine/Content/EngineMaterials/STBlueNoise_scalar_128x128x64.uexp" 346
"../../../Engine/Content/EngineMaterials/RemoveSurfaceMaterial.uasset" 347
"../../../Engine/Content/EngineMaterials/RemoveSurfaceMaterial.uexp" 348
"../../../Engine/Content/Functions/Engine_MaterialFunctions02/WorldPositionOffset/CameraOffset.uasset" 349
"../../../Engine/Content/Functions/Engine_MaterialFunctions02/WorldPositionOffset/CameraOffset.uexp" 350
"../../../Engine/Content/EngineMaterials/PhAT_JointLimitMaterial.uasset" 351
"../../../Engine/Content/EngineMaterials/PhAT_JointLimitMaterial.uexp" 352
"../../../Engine/Content/EngineMaterials/InvalidLightmapSettings.ubulk" 353
"../../../Engine/Content/EngineMaterials/InvalidLightmapSettings.uasset" 354
"../../../Engine/Content/EngineMaterials/InvalidLightmapSettings.uexp" 355
"../../../Engine/Content/EngineMaterials/M_InvalidLightmapSettings.uasset" 356
"../../../Engine/Content/EngineMaterials/M_InvalidLightmapSettings.uexp" 357
"../../../Engine/Content/EngineMaterials/GizmoMaterial.uasset" 358
"../../../Engine/Content/EngineMaterials/GizmoMaterial.uexp" 359
"../../../Engine/Content/EngineMaterials/BaseFlattenEmissiveMap_VT.uasset" 360
"../../../Engine/Content/EngineMaterials/BaseFlattenEmissiveMap_VT.uexp" 361
"../../../Engine/Content/EngineMaterials/BaseFlattenGrayscaleMap_VT.uasset" 362
"../../../Engine/Content/EngineMaterials/BaseFlattenGrayscaleMap_VT.uexp" 363
"../../../Engine/Content/EngineMaterials/BaseFlattenLinearColor_VT.uasset" 364
"../../../Engine/Content/EngineMaterials/BaseFlattenLinearColor_VT.uexp" 365
"../../../Engine/Content/EngineMaterials/Black_1x1_EXR_Texture_VT.uasset" 366
"../../../Engine/Content/EngineMaterials/Black_1x1_EXR_Texture_VT.uexp" 367
"../../../Engine/Content/EngineMaterials/BaseFlattenDiffuseMap_VT.uasset" 368
"../../../Engine/Content/EngineMaterials/BaseFlattenDiffuseMap_VT.uexp" 369
"../../../Engine/Content/EngineMaterials/BaseFlattenNormalMap_VT.uasset" 370
"../../../Engine/Content/EngineMaterials/BaseFlattenNormalMap_VT.uexp" 371
"../../../Engine/Content/EngineMaterials/FlattenMaterial_WS_Normal_VT.uasset" 372
"../../../Engine/Content/EngineMaterials/FlattenMaterial_WS_Normal_VT.uexp" 373
"../../../Engine/Content/EngineMaterials/FlattenMaterial_VT.uasset" 374
"../../../Engine/Content/EngineMaterials/FlattenMaterial_VT.uexp" 375
"../../../Engine/Content/EngineMaterials/BaseFlattenGrayscaleMap.uasset" 376
"../../../Engine/Content/EngineMaterials/BaseFlattenGrayscaleMap.uexp" 377
"../../../Engine/Content/EngineMaterials/BaseFlattenDiffuseMap.uasset" 378
"../../../Engine/Content/EngineMaterials/BaseFlattenDiffuseMap.uexp" 379
"../../../Engine/Content/Functions/Engine_MaterialFunctions02/PivotPainter2/Black_1x1_EXR_Texture.uasset" 380
"../../../Engine/Content/Functions/Engine_MaterialFunctions02/PivotPainter2/Black_1x1_EXR_Texture.uexp" 381
"../../../Engine/Content/EngineMaterials/BaseFlattenEmissiveMap.uasset" 382
"../../../Engine/Content/EngineMaterials/BaseFlattenEmissiveMap.uexp" 383
"../../../Engine/Content/EngineMaterials/BaseFlattenLinearColor.uasset" 384
"../../../Engine/Content/EngineMaterials/BaseFlattenLinearColor.uexp" 385
"../../../Engine/Content/EngineMaterials/FlattenMaterial.uasset" 386
"../../../Engine/Content/EngineMaterials/FlattenMaterial.uexp" 387
"../../../Engine/Content/EngineMaterials/DefaultWhiteGrid_Low.uasset" 388
"../../../Engine/Content/EngineMaterials/DefaultWhiteGrid_Low.uexp" 389
"../../../Engine/Content/EngineMaterials/EmissiveMeshMaterial.uasset" 390
"../../../Engine/Content/EngineMaterials/EmissiveMeshMaterial.uexp" 391
"../../../Engine/Content/EngineFonts/RobotoDistanceField.uasset" 392
"../../../Engine/Content/EngineFonts/RobotoDistanceField.uexp" 393
"../../../Engine/Content/EngineMaterials/DefaultTextMaterialOpaque.uasset" 394
"../../../Engine/Content/EngineMaterials/DefaultTextMaterialOpaque.uexp" 395
"../../../Engine/Content/EngineMaterials/DefaultDiffuse.ubulk" 396
"../../../Engine/Content/EngineMaterials/DefaultDiffuse.uasset" 397
"../../../Engine/Content/EngineMaterials/DefaultDiffuse.uexp" 398
"../../../Engine/Content/Functions/Engine_MaterialFunctions02/Utility/BreakOutFloat2Components.uasset" 399
"../../../Engine/Content/Functions/Engine_MaterialFunctions02/Utility/BreakOutFloat2Components.uexp" 400
"../../../Engine/Content/EngineMaterials/DefaultPostProcessMaterial.uasset" 401
"../../../Engine/Content/EngineMaterials/DefaultPostProcessMaterial.uexp" 402
"../../../Engine/Content/EngineMaterials/DefaultPhysicalMaterial.uasset" 403
"../../../Engine/Content/EngineMaterials/DefaultPhysicalMaterial.uexp" 404
"../../../Engine/Content/EngineMaterials/DefaultLightFunctionMaterial.uasset" 405
"../../../Engine/Content/EngineMaterials/DefaultLightFunctionMaterial.uexp" 406
"../../../Engine/Content/EngineMaterials/DefaultDestructiblePhysicalMaterial.uasset" 407
"../../../Engine/Content/EngineMaterials/DefaultDestructiblePhysicalMaterial.uexp" 408
"../../../Engine/Content/EngineMaterials/DefaultDeferredDecalMaterial.uasset" 409
"../../../Engine/Content/EngineMaterials/DefaultDeferredDecalMaterial.uexp" 410
"../../../Engine/Content/EngineMaterials/DefaultBloomKernel.uasset" 411
"../../../Engine/Content/EngineMaterials/DefaultBloomKernel.uexp" 412
"../../../Engine/Content/EngineResources/FilmGrains/Marcie_Grain_v3_128_M2_000.uasset" 413
"../../../Engine/Content/EngineResources/FilmGrains/Marcie_Grain_v3_128_M2_000.uexp" 414
"../../../Engine/Content/EngineSky/VolumetricClouds/CloudWeatherTexture.uasset" 415
"../../../Engine/Content/EngineSky/VolumetricClouds/CloudWeatherTexture.uexp" 416
"../../../Engine/Content/Functions/Engine_MaterialFunctions02/Utility/MakeFloat2.uasset" 417
"../../../Engine/Content/Functions/Engine_MaterialFunctions02/Utility/MakeFloat2.uexp" 418
"../../../Engine/Content/EngineSky/VolumetricClouds/CloudGradientTexture.uasset" 419
"../../../Engine/Content/EngineSky/VolumetricClouds/CloudGradientTexture.uexp" 420
"../../../Engine/Content/EngineSky/VolumetricClouds/T_NoiseShape64.ubulk" 421
"../../../Engine/Content/EngineSky/VolumetricClouds/T_NoiseShape64.uasset" 422
"../../../Engine/Content/EngineSky/VolumetricClouds/T_NoiseShape64.uexp" 423
"../../../Engine/Content/EngineSky/VolumetricClouds/T_VolumeNoiseShape64.uasset" 424
"../../../Engine/Content/EngineSky/VolumetricClouds/T_VolumeNoiseShape64.uexp" 425
"../../../Engine/Content/EngineSky/VolumetricClouds/T_NoiseErosion.ubulk" 426
"../../../Engine/Content/EngineSky/VolumetricClouds/T_NoiseErosion.uasset" 427
"../../../Engine/Content/EngineSky/VolumetricClouds/T_NoiseErosion.uexp" 428
"../../../Engine/Content/EngineSky/VolumetricClouds/T_VolumeNoiseErosion32.uasset" 429
"../../../Engine/Content/EngineSky/VolumetricClouds/T_VolumeNoiseErosion32.uexp" 430
"../../../Engine/Content/EngineSky/VolumetricClouds/m_SimpleVolumetricCloud.uasset" 431
"../../../Engine/Content/EngineSky/VolumetricClouds/m_SimpleVolumetricCloud.uexp" 432
"../../../Engine/Content/EngineSky/VolumetricClouds/m_SimpleVolumetricCloud_Inst.uasset" 433
"../../../Engine/Content/EngineSky/VolumetricClouds/m_SimpleVolumetricCloud_Inst.uexp" 434
"../../../Engine/Content/EngineSounds/Master.uasset" 435
"../../../Engine/Content/EngineSounds/Master.uexp" 436
"../../../Engine/Content/Functions/Engine_MaterialFunctions01/Shading/PowerToRoughness.uasset" 437
"../../../Engine/Content/Functions/Engine_MaterialFunctions01/Shading/PowerToRoughness.uexp" 438
"../../../Engine/Plugins/2D/Paper2D/Content/PlaceholderTextures/DummySpriteTexture.ubulk" 439
"../../../Engine/Plugins/2D/Paper2D/Content/PlaceholderTextures/DummySpriteTexture.uasset" 440
"../../../Engine/Plugins/2D/Paper2D/Content/PlaceholderTextures/DummySpriteTexture.uexp" 441
"../../../Engine/Plugins/2D/Paper2D/Content/DefaultSpriteMaterial.uasset" 442
"../../../Engine/Plugins/2D/Paper2D/Content/DefaultSpriteMaterial.uexp" 443
"../../../Engine/Plugins/2D/Paper2D/Content/OpaqueUnlitSpriteMaterial.uasset" 444
"../../../Engine/Plugins/2D/Paper2D/Content/OpaqueUnlitSpriteMaterial.uexp" 445
"../../../Engine/Plugins/2D/Paper2D/Content/MaskedUnlitSpriteMaterial.uasset" 446
"../../../Engine/Plugins/2D/Paper2D/Content/MaskedUnlitSpriteMaterial.uexp" 447
"../../../Engine/Plugins/2D/Paper2D/Content/DummySprite.uasset" 448
"../../../Engine/Plugins/2D/Paper2D/Content/DummySprite.uexp" 449
"../../../Engine/Plugins/2D/Paper2D/Content/DefaultPaperTerrainMaterial.uasset" 450
"../../../Engine/Plugins/2D/Paper2D/Content/DefaultPaperTerrainMaterial.uexp" 451
"../../../Engine/Plugins/Animation/ControlRig/Content/M_Manip.uasset" 452
"../../../Engine/Plugins/Animation/ControlRig/Content/M_Manip.uexp" 453
"../../../Engine/Plugins/Animation/ControlRig/Content/Controls/DefaultGizmoLibraryNormalized.uasset" 454
"../../../Engine/Plugins/Animation/ControlRig/Content/Controls/DefaultGizmoLibraryNormalized.uexp" 455
"../../../Engine/Plugins/Animation/ControlRig/Content/Controls/ControlRig_Wedge_solid.uasset" 456
"../../../Engine/Plugins/Animation/ControlRig/Content/Controls/ControlRig_Wedge_solid.uexp" 457
"../../../Engine/Plugins/Animation/ControlRig/Content/Controls/ControlRig_Wedge_3mm.uasset" 458
"../../../Engine/Plugins/Animation/ControlRig/Content/Controls/ControlRig_Wedge_3mm.uexp" 459
"../../../Engine/Plugins/Animation/ControlRig/Content/Controls/ControlRig_Wedge_1mm.uasset" 460
"../../../Engine/Plugins/Animation/ControlRig/Content/Controls/ControlRig_Wedge_1mm.uexp" 461
"../../../Engine/Plugins/Animation/ControlRig/Content/Controls/ControlRig_Triangle_solid.uasset" 462
"../../../Engine/Plugins/Animation/ControlRig/Content/Controls/ControlRig_Triangle_solid.uexp" 463
"../../../Engine/Plugins/Animation/ControlRig/Content/Controls/ControlRig_Triangle_3mm.uasset" 464
"../../../Engine/Plugins/Animation/ControlRig/Content/Controls/ControlRig_Triangle_3mm.uexp" 465
"../../../Engine/Plugins/Animation/ControlRig/Content/Controls/ControlRig_Triangle_1mm.uasset" 466
"../../../Engine/Plugins/Animation/ControlRig/Content/Controls/ControlRig_Triangle_1mm.uexp" 467
"../../../Engine/Plugins/Animation/ControlRig/Content/Controls/ControlRig_Star4_solid.uasset" 468
"../../../Engine/Plugins/Animation/ControlRig/Content/Controls/ControlRig_Star4_solid.uexp" 469
"../../../Engine/Plugins/Animation/ControlRig/Content/Controls/ControlRig_Star4_3mm.uasset" 470
"../../../Engine/Plugins/Animation/ControlRig/Content/Controls/ControlRig_Star4_3mm.uexp" 471
"../../../Engine/Plugins/Animation/ControlRig/Content/Controls/ControlRig_Star4_1mm.uasset" 472
"../../../Engine/Plugins/Animation/ControlRig/Content/Controls/ControlRig_Star4_1mm.uexp" 473
"../../../Engine/Plugins/Animation/ControlRig/Content/Controls/ControlRig_Square_solid.uasset" 474
"../../../Engine/Plugins/Animation/ControlRig/Content/Controls/ControlRig_Square_solid.uexp" 475
"../../../Engine/Plugins/Animation/ControlRig/Content/Controls/ControlRig_Square_3mm.uasset" 476
"../../../Engine/Plugins/Animation/ControlRig/Content/Controls/ControlRig_Square_3mm.uexp" 477
"../../../Engine/Plugins/Animation/ControlRig/Content/Controls/ControlRig_Square_1mm.uasset" 478
"../../../Engine/Plugins/Animation/ControlRig/Content/Controls/ControlRig_Square_1mm.uexp" 479
"../../../Engine/Plugins/Animation/ControlRig/Content/Controls/ControlRig_Sphere_solid.uasset" 480
"../../../Engine/Plugins/Animation/ControlRig/Content/Controls/ControlRig_Sphere_solid.uexp" 481
"../../../Engine/Plugins/Animation/ControlRig/Content/Controls/ControlRig_Sphere_3mm.uasset" 482
"../../../Engine/Plugins/Animation/ControlRig/Content/Controls/ControlRig_Sphere_3mm.uexp" 483
"../../../Engine/Plugins/Animation/ControlRig/Content/Controls/ControlRig_Sphere_1mm.uasset" 484
"../../../Engine/Plugins/Animation/ControlRig/Content/Controls/ControlRig_Sphere_1mm.uexp" 485
"../../../Engine/Plugins/Animation/ControlRig/Content/Controls/ControlRig_RoundedTriangle_solid.uasset" 486
"../../../Engine/Plugins/Animation/ControlRig/Content/Controls/ControlRig_RoundedTriangle_solid.uexp" 487
"../../../Engine/Plugins/Animation/ControlRig/Content/Controls/ControlRig_RoundedTriangle_3mm.uasset" 488
"../../../Engine/Plugins/Animation/ControlRig/Content/Controls/ControlRig_RoundedTriangle_3mm.uexp" 489
"../../../Engine/Plugins/Animation/ControlRig/Content/Controls/ControlRig_RoundedTriangle_1mm.uasset" 490
"../../../Engine/Plugins/Animation/ControlRig/Content/Controls/ControlRig_RoundedTriangle_1mm.uexp" 491
"../../../Engine/Plugins/Animation/ControlRig/Content/Controls/ControlRig_RoundedSquare_solid.uasset" 492
"../../../Engine/Plugins/Animation/ControlRig/Content/Controls/ControlRig_RoundedSquare_solid.uexp" 493
"../../../Engine/Plugins/Animation/ControlRig/Content/Controls/ControlRig_RoundedSquare_3mm.uasset" 494
"../../../Engine/Plugins/Animation/ControlRig/Content/Controls/ControlRig_RoundedSquare_3mm.uexp" 495
"../../../Engine/Plugins/Animation/ControlRig/Content/Controls/ControlRig_RoundedSquare_1mm.uasset" 496
"../../../Engine/Plugins/Animation/ControlRig/Content/Controls/ControlRig_RoundedSquare_1mm.uexp" 497
"../../../Engine/Plugins/Animation/ControlRig/Content/Controls/ControlRig_QuarterCircle_solid.uasset" 498
"../../../Engine/Plugins/Animation/ControlRig/Content/Controls/ControlRig_QuarterCircle_solid.uexp" 499
"../../../Engine/Plugins/Animation/ControlRig/Content/Controls/ControlRig_QuarterCircle_3mm.uasset" 500
"../../../Engine/Plugins/Animation/ControlRig/Content/Controls/ControlRig_QuarterCircle_3mm.uexp" 501
"../../../Engine/Plugins/Animation/ControlRig/Content/Controls/ControlRig_QuarterCircle_1mm.uasset" 502
"../../../Engine/Plugins/Animation/ControlRig/Content/Controls/ControlRig_QuarterCircle_1mm.uexp" 503
"../../../Engine/Plugins/Animation/ControlRig/Content/Controls/ControlRig_Pyramid_solid.uasset" 504
"../../../Engine/Plugins/Animation/ControlRig/Content/Controls/ControlRig_Pyramid_solid.uexp" 505
"../../../Engine/Plugins/Animation/ControlRig/Content/Controls/ControlRig_Pyramid_3mm.uasset" 506
"../../../Engine/Plugins/Animation/ControlRig/Content/Controls/ControlRig_Pyramid_3mm.uexp" 507
"../../../Engine/Plugins/Animation/ControlRig/Content/Controls/ControlRig_Pyramid_1mm.uasset" 508
"../../../Engine/Plugins/Animation/ControlRig/Content/Controls/ControlRig_Pyramid_1mm.uexp" 509
"../../../Engine/Plugins/Animation/ControlRig/Content/Controls/ControlRig_Octagon_solid.uasset" 510
"../../../Engine/Plugins/Animation/ControlRig/Content/Controls/ControlRig_Octagon_solid.uexp" 511
"../../../Engine/Plugins/Animation/ControlRig/Content/Controls/ControlRig_Octagon_3mm.uasset" 512
"../../../Engine/Plugins/Animation/ControlRig/Content/Controls/ControlRig_Octagon_3mm.uexp" 513
"../../../Engine/Plugins/Animation/ControlRig/Content/Controls/ControlRig_Octagon_1mm.uasset" 514
"../../../Engine/Plugins/Animation/ControlRig/Content/Controls/ControlRig_Octagon_1mm.uexp" 515
"../../../Engine/Plugins/Animation/ControlRig/Content/Controls/ControlRig_Hexagon_solid.uasset" 516
"../../../Engine/Plugins/Animation/ControlRig/Content/Controls/ControlRig_Hexagon_solid.uexp" 517
"../../../Engine/Plugins/Animation/ControlRig/Content/Controls/ControlRig_Hexagon_3mm.uasset" 518
"../../../Engine/Plugins/Animation/ControlRig/Content/Controls/ControlRig_Hexagon_3mm.uexp" 519
"../../../Engine/Plugins/Animation/ControlRig/Content/Controls/ControlRig_Hexagon_1mm.uasset" 520
"../../../Engine/Plugins/Animation/ControlRig/Content/Controls/ControlRig_Hexagon_1mm.uexp" 521
"../../../Engine/Plugins/Animation/ControlRig/Content/Controls/ControlRig_HalfCircle_solid.uasset" 522
"../../../Engine/Plugins/Animation/ControlRig/Content/Controls/ControlRig_HalfCircle_solid.uexp" 523
"../../../Engine/Plugins/Animation/ControlRig/Content/Controls/ControlRig_HalfCircle_3mm.uasset" 524
"../../../Engine/Plugins/Animation/ControlRig/Content/Controls/ControlRig_HalfCircle_3mm.uexp" 525
"../../../Engine/Plugins/Animation/ControlRig/Content/Controls/ControlRig_HalfCircle_1mm.uasset" 526
"../../../Engine/Plugins/Animation/ControlRig/Content/Controls/ControlRig_HalfCircle_1mm.uexp" 527
"../../../Engine/Plugins/Animation/ControlRig/Content/Controls/ControlRig_Diamond_solid.uasset" 528
"../../../Engine/Plugins/Animation/ControlRig/Content/Controls/ControlRig_Diamond_solid.uexp" 529
"../../../Engine/Plugins/Animation/ControlRig/Content/Controls/ControlRig_Diamond_3mm.uasset" 530
"../../../Engine/Plugins/Animation/ControlRig/Content/Controls/ControlRig_Diamond_3mm.uexp" 531
"../../../Engine/Plugins/Animation/ControlRig/Content/Controls/ControlRig_Diamond_1mm.uasset" 532
"../../../Engine/Plugins/Animation/ControlRig/Content/Controls/ControlRig_Diamond_1mm.uexp" 533
"../../../Engine/Plugins/Animation/ControlRig/Content/Controls/ControlRig_Circle_solid.uasset" 534
"../../../Engine/Plugins/Animation/ControlRig/Content/Controls/ControlRig_Circle_solid.uexp" 535
"../../../Engine/Plugins/Animation/ControlRig/Content/Controls/ControlRig_Circle_3mm.uasset" 536
"../../../Engine/Plugins/Animation/ControlRig/Content/Controls/ControlRig_Circle_3mm.uexp" 537
"../../../Engine/Plugins/Animation/ControlRig/Content/Controls/ControlRig_Circle_1mm.uasset" 538
"../../../Engine/Plugins/Animation/ControlRig/Content/Controls/ControlRig_Circle_1mm.uexp" 539
"../../../Engine/Plugins/Animation/ControlRig/Content/Controls/ControlRig_Box_solid.uasset" 540
"../../../Engine/Plugins/Animation/ControlRig/Content/Controls/ControlRig_Box_solid.uexp" 541
"../../../Engine/Plugins/Animation/ControlRig/Content/Controls/ControlRig_Box_3mm.uasset" 542
"../../../Engine/Plugins/Animation/ControlRig/Content/Controls/ControlRig_Box_3mm.uexp" 543
"../../../Engine/Plugins/Animation/ControlRig/Content/Controls/ControlRig_Box_1mm.uasset" 544
"../../../Engine/Plugins/Animation/ControlRig/Content/Controls/ControlRig_Box_1mm.uexp" 545
"../../../Engine/Plugins/Animation/ControlRig/Content/Controls/ControlRig_Arrow_solid.uasset" 546
"../../../Engine/Plugins/Animation/ControlRig/Content/Controls/ControlRig_Arrow_solid.uexp" 547
"../../../Engine/Plugins/Animation/ControlRig/Content/Controls/ControlRig_Arrow_3mm.uasset" 548
"../../../Engine/Plugins/Animation/ControlRig/Content/Controls/ControlRig_Arrow_3mm.uexp" 549
"../../../Engine/Plugins/Animation/ControlRig/Content/Controls/ControlRig_Arrow_1mm.uasset" 550
"../../../Engine/Plugins/Animation/ControlRig/Content/Controls/ControlRig_Arrow_1mm.uexp" 551
"../../../Engine/Plugins/Animation/ControlRig/Content/Controls/ControlRig_Arrow4_solid.uasset" 552
"../../../Engine/Plugins/Animation/ControlRig/Content/Controls/ControlRig_Arrow4_solid.uexp" 553
"../../../Engine/Plugins/Animation/ControlRig/Content/Controls/ControlRig_Arrow4_3mm.uasset" 554
"../../../Engine/Plugins/Animation/ControlRig/Content/Controls/ControlRig_Arrow4_3mm.uexp" 555
"../../../Engine/Plugins/Animation/ControlRig/Content/Controls/ControlRig_Arrow4_1mm.uasset" 556
"../../../Engine/Plugins/Animation/ControlRig/Content/Controls/ControlRig_Arrow4_1mm.uexp" 557
"../../../Engine/Plugins/Animation/ControlRig/Content/Controls/ControlRig_Arrow2_solid.uasset" 558
"../../../Engine/Plugins/Animation/ControlRig/Content/Controls/ControlRig_Arrow2_solid.uexp" 559
"../../../Engine/Plugins/Animation/ControlRig/Content/Controls/ControlRig_Arrow2_3mm.uasset" 560
"../../../Engine/Plugins/Animation/ControlRig/Content/Controls/ControlRig_Arrow2_3mm.uexp" 561
"../../../Engine/Plugins/Animation/ControlRig/Content/Controls/ControlRig_Arrow2_1mm.uasset" 562
"../../../Engine/Plugins/Animation/ControlRig/Content/Controls/ControlRig_Arrow2_1mm.uexp" 563
"../../../Engine/Plugins/Animation/ControlRig/Content/Controls/ControlRigXRayMaterial.uasset" 564
"../../../Engine/Plugins/Animation/ControlRig/Content/Controls/ControlRigXRayMaterial.uexp" 565
"../../../Engine/Plugins/Animation/ControlRig/Content/Controls/ControlRigGizmoMaterial.uasset" 566
"../../../Engine/Plugins/Animation/ControlRig/Content/Controls/ControlRigGizmoMaterial.uexp" 567
"../../../Engine/Plugins/Editor/SpeedTreeImporter/Content/SpeedTree9/game_wind_noise.ubulk" 568
"../../../Engine/Plugins/Editor/SpeedTreeImporter/Content/SpeedTree9/game_wind_noise.uasset" 569
"../../../Engine/Plugins/Editor/SpeedTreeImporter/Content/SpeedTree9/game_wind_noise.uexp" 570
"../../../Engine/Plugins/Editor/SpeedTreeImporter/Content/SpeedTree9/UnpackDirection.uasset" 571
"../../../Engine/Plugins/Editor/SpeedTreeImporter/Content/SpeedTree9/UnpackDirection.uexp" 572
"../../../Engine/Content/Functions/Engine_MaterialFunctions02/ObjectLocalBounds.uasset" 573
"../../../Engine/Content/Functions/Engine_MaterialFunctions02/ObjectLocalBounds.uexp" 574
"../../../Engine/Content/Functions/Engine_MaterialFunctions02/UVs/BoundingBoxBased_0-1_UVW.uasset" 575
"../../../Engine/Content/Functions/Engine_MaterialFunctions02/UVs/BoundingBoxBased_0-1_UVW.uexp" 576
"../../../Engine/Content/Functions/Engine_MaterialFunctions02/Utility/VectorLength.uasset" 577
"../../../Engine/Content/Functions/Engine_MaterialFunctions02/Utility/VectorLength.uexp" 578
"../../../Engine/Plugins/Editor/SpeedTreeImporter/Content/SpeedTree9/UnpackInteger3.uasset" 579
"../../../Engine/Plugins/Editor/SpeedTreeImporter/Content/SpeedTree9/UnpackInteger3.uexp" 580
"../../../Engine/Plugins/Editor/SpeedTreeImporter/Content/SpeedTree9/SpeedTreeCameraFacing.uasset" 581
"../../../Engine/Plugins/Editor/SpeedTreeImporter/Content/SpeedTree9/SpeedTreeCameraFacing.uexp" 582
"../../../Engine/Content/Functions/Engine_MaterialFunctions02/WorldPositionOffset/ObjectScale.uasset" 583
"../../../Engine/Content/Functions/Engine_MaterialFunctions02/WorldPositionOffset/ObjectScale.uexp" 584
"../../../Engine/Content/Functions/Engine_MaterialFunctions02/SafeNormalize.uasset" 585
"../../../Engine/Content/Functions/Engine_MaterialFunctions02/SafeNormalize.uexp" 586
"../../../Engine/Plugins/Editor/SpeedTreeImporter/Content/SpeedTree9/SpeedTreeWindMotion.uasset" 587
"../../../Engine/Plugins/Editor/SpeedTreeImporter/Content/SpeedTree9/SpeedTreeWindMotion.uexp" 588
"../../../Engine/Plugins/Editor/SpeedTreeImporter/Content/SpeedTree9/SpeedTreeBranchMotion.uasset" 589
"../../../Engine/Plugins/Editor/SpeedTreeImporter/Content/SpeedTree9/SpeedTreeBranchMotion.uexp" 590
"../../../Engine/Plugins/Editor/SpeedTreeImporter/Content/SpeedTree9/SpeedTreeWind.uasset" 591
"../../../Engine/Plugins/Editor/SpeedTreeImporter/Content/SpeedTree9/SpeedTreeWind.uexp" 592
"../../../Engine/Plugins/Editor/SpeedTreeImporter/Content/SpeedTree9/EmptyNormal.uasset" 593
"../../../Engine/Plugins/Editor/SpeedTreeImporter/Content/SpeedTree9/EmptyNormal.uexp" 594
"../../../Engine/Plugins/Editor/SpeedTreeImporter/Content/SpeedTree9/Empty.uasset" 595
"../../../Engine/Plugins/Editor/SpeedTreeImporter/Content/SpeedTree9/Empty.uexp" 596
"../../../Engine/Plugins/Editor/SpeedTreeImporter/Content/SpeedTree9/SpeedTreeMaster.uasset" 597
"../../../Engine/Plugins/Editor/SpeedTreeImporter/Content/SpeedTree9/SpeedTreeMaster.uexp" 598
"../../../Engine/Plugins/Editor/SpeedTreeImporter/Content/SpeedTree9/SpeedTreeBillboard.uasset" 599
"../../../Engine/Plugins/Editor/SpeedTreeImporter/Content/SpeedTree9/SpeedTreeBillboard.uexp" 600
"../../../Engine/Plugins/Editor/SpeedTreeImporter/Content/SpeedTree9/SpeedTreeBillboardMaster.uasset" 601
"../../../Engine/Plugins/Editor/SpeedTreeImporter/Content/SpeedTree9/SpeedTreeBillboardMaster.uexp" 602
"../../../Engine/Content/Functions/Engine_MaterialFunctions02/Texturing/CustomRotator.uasset" 603
"../../../Engine/Content/Functions/Engine_MaterialFunctions02/Texturing/CustomRotator.uexp" 604
"../../../Engine/Content/Functions/Engine_MaterialFunctions02/Texturing/ScreenAlignedPixelToPixelUVs.uasset" 605
"../../../Engine/Content/Functions/Engine_MaterialFunctions02/Texturing/ScreenAlignedPixelToPixelUVs.uexp" 606
"../../../Engine/Plugins/Interchange/Runtime/Content/Utilities/T_Bayer64_Grayscale_64px.uasset" 607
"../../../Engine/Plugins/Interchange/Runtime/Content/Utilities/T_Bayer64_Grayscale_64px.uexp" 608
"../../../Engine/Plugins/Interchange/Runtime/Content/gltf/MaterialFunctions/MF_Temporal_Blur.uasset" 609
"../../../Engine/Plugins/Interchange/Runtime/Content/gltf/MaterialFunctions/MF_Temporal_Blur.uexp" 610
"../../../Engine/Plugins/Interchange/Runtime/Content/gltf/MaterialFunctions/MF_Fresnel_DS.uasset" 611
"../../../Engine/Plugins/Interchange/Runtime/Content/gltf/MaterialFunctions/MF_Fresnel_DS.uexp" 612
"../../../Engine/Plugins/Interchange/Runtime/Content/Functions/MX_Transmission.uasset" 613
"../../../Engine/Plugins/Interchange/Runtime/Content/Functions/MX_Transmission.uexp" 614
"../../../Engine/Plugins/Interchange/Runtime/Content/Functions/MF_OrenNayerView.uasset" 615
"../../../Engine/Plugins/Interchange/Runtime/Content/Functions/MF_OrenNayerView.uexp" 616
"../../../Engine/Plugins/Interchange/Runtime/Content/Functions/MF_SchlickApprox.uasset" 617
"../../../Engine/Plugins/Interchange/Runtime/Content/Functions/MF_SchlickApprox.uexp" 618
"../../../Engine/Plugins/Interchange/Runtime/Content/Utilities/New_LUT.uasset" 619
"../../../Engine/Plugins/Interchange/Runtime/Content/Utilities/New_LUT.uexp" 620
"../../../Engine/Content/Functions/Engine_MaterialFunctions03/Math/RemapValueRange.uasset" 621
"../../../Engine/Content/Functions/Engine_MaterialFunctions03/Math/RemapValueRange.uexp" 622
"../../../Engine/Plugins/Interchange/Runtime/Content/Functions/MF_Iridescence.uasset" 623
"../../../Engine/Plugins/Interchange/Runtime/Content/Functions/MF_Iridescence.uexp" 624
"../../../Engine/Plugins/Interchange/Runtime/Content/Functions/MX_StandardSurface.uasset" 625
"../../../Engine/Plugins/Interchange/Runtime/Content/Functions/MX_StandardSurface.uexp" 626
"../../../Engine/Plugins/Interchange/Runtime/Content/Functions/MX_TransmissionSurface.uasset" 627
"../../../Engine/Plugins/Interchange/Runtime/Content/Functions/MX_TransmissionSurface.uexp" 628
"../../../Engine/Content/Functions/Engine_MaterialFunctions02/Math/AddComponents.uasset" 629
"../../../Engine/Content/Functions/Engine_MaterialFunctions02/Math/AddComponents.uexp" 630
"../../../Engine/Content/Functions/Engine_MaterialFunctions02/WorldPositionOffset/V2/ObjectScale.uasset" 631
"../../../Engine/Content/Functions/Engine_MaterialFunctions02/WorldPositionOffset/V2/ObjectScale.uexp" 632
"../../../Engine/Plugins/Interchange/Runtime/Content/gltf/MaterialFunctions/MF_TransmissionOpacity.uasset" 633
"../../../Engine/Plugins/Interchange/Runtime/Content/gltf/MaterialFunctions/MF_TransmissionOpacity.uexp" 634
"../../../Engine/Plugins/Interchange/Runtime/Content/gltf/MaterialFunctions/MF_RotateV2.uasset" 635
"../../../Engine/Plugins/Interchange/Runtime/Content/gltf/MaterialFunctions/MF_RotateV2.uexp" 636
"../../../Engine/Plugins/Interchange/Runtime/Content/gltf/MaterialFunctions/MF_TransformUVs.uasset" 637
"../../../Engine/Plugins/Interchange/Runtime/Content/gltf/MaterialFunctions/MF_TransformUVs.uexp" 638
"../../../Engine/Plugins/Interchange/Runtime/Content/gltf/Textures/T_White_srgb.uasset" 639
"../../../Engine/Plugins/Interchange/Runtime/Content/gltf/Textures/T_White_srgb.uexp" 640
"../../../Engine/Plugins/Interchange/Runtime/Content/gltf/MaterialFunctions/MF_BaseColor.uasset" 641
"../../../Engine/Plugins/Interchange/Runtime/Content/gltf/MaterialFunctions/MF_BaseColor.uexp" 642
"../../../Engine/Plugins/Interchange/Runtime/Content/gltf/MaterialFunctions/MF_DiffuseSpecGloss.uasset" 643
"../../../Engine/Plugins/Interchange/Runtime/Content/gltf/MaterialFunctions/MF_DiffuseSpecGloss.uexp" 644
"../../../Engine/Plugins/Interchange/Runtime/Content/gltf/Textures/T_White_Linear.uasset" 645
"../../../Engine/Plugins/Interchange/Runtime/Content/gltf/Textures/T_White_Linear.uexp" 646
"../../../Engine/Plugins/Interchange/Runtime/Content/gltf/MaterialFunctions/MF_MetallicRoughness.uasset" 647
"../../../Engine/Plugins/Interchange/Runtime/Content/gltf/MaterialFunctions/MF_MetallicRoughness.uexp" 648
"../../../Engine/Plugins/Interchange/Runtime/Content/gltf/MaterialFunctions/MF_Transmission.uasset" 649
"../../../Engine/Plugins/Interchange/Runtime/Content/gltf/MaterialFunctions/MF_Transmission.uexp" 650
"../../../Engine/Plugins/Interchange/Runtime/Content/gltf/MaterialFunctions/MF_Occlusion.uasset" 651
"../../../Engine/Plugins/Interchange/Runtime/Content/gltf/MaterialFunctions/MF_Occlusion.uexp" 652
"../../../Engine/Plugins/Interchange/Runtime/Content/gltf/MaterialFunctions/MF_Specular.uasset" 653
"../../../Engine/Plugins/Interchange/Runtime/Content/gltf/MaterialFunctions/MF_Specular.uexp" 654
"../../../Engine/Plugins/Interchange/Runtime/Content/gltf/MaterialFunctions/MF_IOR.uasset" 655
"../../../Engine/Plugins/Interchange/Runtime/Content/gltf/MaterialFunctions/MF_IOR.uexp" 656
"../../../Engine/Content/Functions/Engine_MaterialFunctions01/Texturing/FlattenNormal.uasset" 657
"../../../Engine/Content/Functions/Engine_MaterialFunctions01/Texturing/FlattenNormal.uexp" 658
"../../../Engine/Content/Functions/Engine_MaterialFunctions02/Math/Transform3x3Matrix.uasset" 659
"../../../Engine/Content/Functions/Engine_MaterialFunctions02/Math/Transform3x3Matrix.uexp" 660
"../../../Engine/Plugins/Interchange/Runtime/Content/gltf/MaterialFunctions/MF_RotateNormals_TS.uasset" 661
"../../../Engine/Plugins/Interchange/Runtime/Content/gltf/MaterialFunctions/MF_RotateNormals_TS.uexp" 662
"../../../Engine/Plugins/Interchange/Runtime/Content/gltf/Textures/T_Generic_N.uasset" 663
"../../../Engine/Plugins/Interchange/Runtime/Content/gltf/Textures/T_Generic_N.uexp" 664
"../../../Engine/Plugins/Interchange/Runtime/Content/gltf/MaterialFunctions/MF_Normals.uasset" 665
"../../../Engine/Plugins/Interchange/Runtime/Content/gltf/MaterialFunctions/MF_Normals.uexp" 666
"../../../Engine/Plugins/Interchange/Runtime/Content/gltf/MaterialFunctions/MF_PerceivedBrightness.uasset" 667
"../../../Engine/Plugins/Interchange/Runtime/Content/gltf/MaterialFunctions/MF_PerceivedBrightness.uexp" 668
"../../../Engine/Plugins/Interchange/Runtime/Content/gltf/MaterialFunctions/MF_SpecGlossToMetalRoughness.uasset" 669
"../../../Engine/Plugins/Interchange/Runtime/Content/gltf/MaterialFunctions/MF_SpecGlossToMetalRoughness.uexp" 670
"../../../Engine/Plugins/Interchange/Runtime/Content/gltf/M_Transmission.uasset" 671
"../../../Engine/Plugins/Interchange/Runtime/Content/gltf/M_Transmission.uexp" 672
"../../../Engine/Plugins/Interchange/Runtime/Content/gltf/MaterialInstances_MR/MI_Transmission_TS.uasset" 673
"../../../Engine/Plugins/Interchange/Runtime/Content/gltf/MaterialInstances_MR/MI_Transmission_TS.uexp" 674
"../../../Engine/Plugins/Interchange/Runtime/Content/gltf/MaterialInstances_MR/MI_Transmission.uasset" 675
"../../../Engine/Plugins/Interchange/Runtime/Content/gltf/MaterialInstances_MR/MI_Transmission.uexp" 676
"../../../Engine/Plugins/Interchange/Runtime/Content/gltf/MaterialFunctions/MF_Clearcoat.uasset" 677
"../../../Engine/Plugins/Interchange/Runtime/Content/gltf/MaterialFunctions/MF_Clearcoat.uexp" 678
"../../../Engine/Plugins/Interchange/Runtime/Content/gltf/MaterialFunctions/MF_Emissive.uasset" 679
"../../../Engine/Plugins/Interchange/Runtime/Content/gltf/MaterialFunctions/MF_Emissive.uexp" 680
"../../../Engine/Plugins/Interchange/Runtime/Content/gltf/M_Translucent.uasset" 681
"../../../Engine/Plugins/Interchange/Runtime/Content/gltf/M_Translucent.uexp" 682
"../../../Engine/Plugins/Interchange/Runtime/Content/gltf/MaterialInstances_MR/MI_Translucent_TS.uasset" 683
"../../../Engine/Plugins/Interchange/Runtime/Content/gltf/MaterialInstances_MR/MI_Translucent_TS.uexp" 684
"../../../Engine/Plugins/Interchange/Runtime/Content/gltf/MaterialInstances_MR/MI_Translucent_ClearCoat_TS.uasset" 685
"../../../Engine/Plugins/Interchange/Runtime/Content/gltf/MaterialInstances_MR/MI_Translucent_ClearCoat_TS.uexp" 686
"../../../Engine/Plugins/Interchange/Runtime/Content/gltf/MaterialInstances_MR/MI_Translucent_ClearCoat.uasset" 687
"../../../Engine/Plugins/Interchange/Runtime/Content/gltf/MaterialInstances_MR/MI_Translucent_ClearCoat.uexp" 688
"../../../Engine/Plugins/Interchange/Runtime/Content/gltf/MaterialInstances_MR/MI_Translucent.uasset" 689
"../../../Engine/Plugins/Interchange/Runtime/Content/gltf/MaterialInstances_MR/MI_Translucent.uexp" 690
"../../../Engine/Plugins/Interchange/Runtime/Content/gltf/M_Unlit.uasset" 691
"../../../Engine/Plugins/Interchange/Runtime/Content/gltf/M_Unlit.uexp" 692
"../../../Engine/Plugins/Interchange/Runtime/Content/gltf/MaterialInstances_MR/MI_Opaque_Unlit_TS.uasset" 693
"../../../Engine/Plugins/Interchange/Runtime/Content/gltf/MaterialInstances_MR/MI_Opaque_Unlit_TS.uexp" 694
"../../../Engine/Plugins/Interchange/Runtime/Content/gltf/MaterialInstances_MR/MI_Opaque_Unlit.uasset" 695
"../../../Engine/Plugins/Interchange/Runtime/Content/gltf/MaterialInstances_MR/MI_Opaque_Unlit.uexp" 696
"../../../Engine/Plugins/Interchange/Runtime/Content/gltf/M_Opaque.uasset" 697
"../../../Engine/Plugins/Interchange/Runtime/Content/gltf/M_Opaque.uexp" 698
"../../../Engine/Plugins/Interchange/Runtime/Content/gltf/MaterialInstances_MR/MI_Opaque_TS.uasset" 699
"../../../Engine/Plugins/Interchange/Runtime/Content/gltf/MaterialInstances_MR/MI_Opaque_TS.uexp" 700
"../../../Engine/Plugins/Interchange/Runtime/Content/gltf/MaterialFunctions/MF_Sheen.uasset" 701
"../../../Engine/Plugins/Interchange/Runtime/Content/gltf/MaterialFunctions/MF_Sheen.uexp" 702
"../../../Engine/Content/Functions/Engine_MaterialFunctions01/Shading/FuzzyShading.uasset" 703
"../../../Engine/Content/Functions/Engine_MaterialFunctions01/Shading/FuzzyShading.uexp" 704
"../../../Engine/Plugins/Interchange/Runtime/Content/gltf/M_Sheen.uasset" 705
"../../../Engine/Plugins/Interchange/Runtime/Content/gltf/M_Sheen.uexp" 706
"../../../Engine/Plugins/Interchange/Runtime/Content/gltf/MaterialInstances_MR/MI_Opaque_Sheen_TS.uasset" 707
"../../../Engine/Plugins/Interchange/Runtime/Content/gltf/MaterialInstances_MR/MI_Opaque_Sheen_TS.uexp" 708
"../../../Engine/Plugins/Interchange/Runtime/Content/gltf/MaterialInstances_MR/MI_Opaque_Sheen.uasset" 709
"../../../Engine/Plugins/Interchange/Runtime/Content/gltf/MaterialInstances_MR/MI_Opaque_Sheen.uexp" 710
"../../../Engine/Plugins/Interchange/Runtime/Content/gltf/MaterialInstances_MR/MI_Opaque_ClearCoat_TS.uasset" 711
"../../../Engine/Plugins/Interchange/Runtime/Content/gltf/MaterialInstances_MR/MI_Opaque_ClearCoat_TS.uexp" 712
"../../../Engine/Plugins/Interchange/Runtime/Content/gltf/MaterialInstances_MR/MI_Opaque_ClearCoat.uasset" 713
"../../../Engine/Plugins/Interchange/Runtime/Content/gltf/MaterialInstances_MR/MI_Opaque_ClearCoat.uexp" 714
"../../../Engine/Plugins/Interchange/Runtime/Content/gltf/MaterialInstances_MR/MI_Opaque.uasset" 715
"../../../Engine/Plugins/Interchange/Runtime/Content/gltf/MaterialInstances_MR/MI_Opaque.uexp" 716
"../../../Engine/Plugins/Interchange/Runtime/Content/gltf/MaterialInstances_SG/MI_Transmission_TS.uasset" 717
"../../../Engine/Plugins/Interchange/Runtime/Content/gltf/MaterialInstances_SG/MI_Transmission_TS.uexp" 718
"../../../Engine/Plugins/Interchange/Runtime/Content/gltf/MaterialInstances_SG/MI_Transmission.uasset" 719
"../../../Engine/Plugins/Interchange/Runtime/Content/gltf/MaterialInstances_SG/MI_Transmission.uexp" 720
"../../../Engine/Plugins/Interchange/Runtime/Content/gltf/MaterialInstances_SG/MI_Translucent_TS.uasset" 721
"../../../Engine/Plugins/Interchange/Runtime/Content/gltf/MaterialInstances_SG/MI_Translucent_TS.uexp" 722
"../../../Engine/Plugins/Interchange/Runtime/Content/gltf/MaterialInstances_SG/MI_Translucent_ClearCoat_TS.uasset" 723
"../../../Engine/Plugins/Interchange/Runtime/Content/gltf/MaterialInstances_SG/MI_Translucent_ClearCoat_TS.uexp" 724
"../../../Engine/Plugins/Interchange/Runtime/Content/gltf/MaterialInstances_SG/MI_Translucent_ClearCoat.uasset" 725
"../../../Engine/Plugins/Interchange/Runtime/Content/gltf/MaterialInstances_SG/MI_Translucent_ClearCoat.uexp" 726
"../../../Engine/Plugins/Interchange/Runtime/Content/gltf/MaterialInstances_SG/MI_Translucent.uasset" 727
"../../../Engine/Plugins/Interchange/Runtime/Content/gltf/MaterialInstances_SG/MI_Translucent.uexp" 728
"../../../Engine/Plugins/Interchange/Runtime/Content/gltf/MaterialInstances_SG/MI_Opaque_TS.uasset" 729
"../../../Engine/Plugins/Interchange/Runtime/Content/gltf/MaterialInstances_SG/MI_Opaque_TS.uexp" 730
"../../../Engine/Plugins/Interchange/Runtime/Content/gltf/MaterialInstances_SG/MI_Opaque_Sheen_TS.uasset" 731
"../../../Engine/Plugins/Interchange/Runtime/Content/gltf/MaterialInstances_SG/MI_Opaque_Sheen_TS.uexp" 732
"../../../Engine/Plugins/Interchange/Runtime/Content/gltf/MaterialInstances_SG/MI_Opaque_Sheen.uasset" 733
"../../../Engine/Plugins/Interchange/Runtime/Content/gltf/MaterialInstances_SG/MI_Opaque_Sheen.uexp" 734
"../../../Engine/Plugins/Interchange/Runtime/Content/gltf/MaterialInstances_SG/MI_Opaque_ClearCoat_TS.uasset" 735
"../../../Engine/Plugins/Interchange/Runtime/Content/gltf/MaterialInstances_SG/MI_Opaque_ClearCoat_TS.uexp" 736
"../../../Engine/Plugins/Interchange/Runtime/Content/gltf/MaterialInstances_SG/MI_Opaque_ClearCoat.uasset" 737
"../../../Engine/Plugins/Interchange/Runtime/Content/gltf/MaterialInstances_SG/MI_Opaque_ClearCoat.uexp" 738
"../../../Engine/Plugins/Interchange/Runtime/Content/gltf/MaterialInstances_SG/MI_Opaque.uasset" 739
"../../../Engine/Plugins/Interchange/Runtime/Content/gltf/MaterialInstances_SG/MI_Opaque.uexp" 740
"../../../Engine/Plugins/Interchange/Runtime/Content/gltf/Textures/T_Gray_Linear.uasset" 741
"../../../Engine/Plugins/Interchange/Runtime/Content/gltf/Textures/T_Gray_Linear.uexp" 742
"../../../Engine/Plugins/Interchange/Runtime/Content/gltf/Textures/T_Black_srgb.uasset" 743
"../../../Engine/Plugins/Interchange/Runtime/Content/gltf/Textures/T_Black_srgb.uexp" 744
"../../../Engine/Plugins/Interchange/Runtime/Content/Materials/UnlitMaterial.uasset" 745
"../../../Engine/Plugins/Interchange/Runtime/Content/Materials/UnlitMaterial.uexp" 746
"../../../Engine/Content/EngineMaterials/DefaultNormal.ubulk" 747
"../../../Engine/Content/EngineMaterials/DefaultNormal.uasset" 748
"../../../Engine/Content/EngineMaterials/DefaultNormal.uexp" 749
"../../../Engine/Plugins/Interchange/Runtime/Content/Materials/MapOrScalarFunction.uasset" 750
"../../../Engine/Plugins/Interchange/Runtime/Content/Materials/MapOrScalarFunction.uexp" 751
"../../../Engine/Plugins/Interchange/Runtime/Content/Materials/MapOrLinearColorFunction.uasset" 752
"../../../Engine/Plugins/Interchange/Runtime/Content/Materials/MapOrLinearColorFunction.uexp" 753
"../../../Engine/Plugins/Interchange/Runtime/Content/Materials/MapOrColorFunction.uasset" 754
"../../../Engine/Plugins/Interchange/Runtime/Content/Materials/MapOrColorFunction.uexp" 755
"../../../Engine/Plugins/Interchange/Runtime/Content/Materials/CommonMaterial.uasset" 756
"../../../Engine/Plugins/Interchange/Runtime/Content/Materials/CommonMaterial.uexp" 757
"../../../Engine/Plugins/Interchange/Runtime/Content/Materials/PBRSurfaceFunction.uasset" 758
"../../../Engine/Plugins/Interchange/Runtime/Content/Materials/PBRSurfaceFunction.uexp" 759
"../../../Engine/Plugins/Interchange/Runtime/Content/Materials/ThinTranslucentMaterial.uasset" 760
"../../../Engine/Plugins/Interchange/Runtime/Content/Materials/ThinTranslucentMaterial.uexp" 761
"../../../Engine/Plugins/Interchange/Runtime/Content/Materials/SubsurfaceMaterial.uasset" 762
"../../../Engine/Plugins/Interchange/Runtime/Content/Materials/SubsurfaceMaterial.uexp" 763
"../../../Engine/Plugins/Interchange/Runtime/Content/Materials/SheenMaterial.uasset" 764
"../../../Engine/Plugins/Interchange/Runtime/Content/Materials/SheenMaterial.uexp" 765
"../../../Engine/Content/Functions/Engine_MaterialFunctions01/Shading/ConvertFromDiffSpec.uasset" 766
"../../../Engine/Content/Functions/Engine_MaterialFunctions01/Shading/ConvertFromDiffSpec.uexp" 767
"../../../Engine/Plugins/Interchange/Runtime/Content/Materials/PhongSurfaceMaterial.uasset" 768
"../../../Engine/Plugins/Interchange/Runtime/Content/Materials/PhongSurfaceMaterial.uexp" 769
"../../../Engine/Plugins/Interchange/Runtime/Content/Materials/PBRSurfaceMaterial.uasset" 770
"../../../Engine/Plugins/Interchange/Runtime/Content/Materials/PBRSurfaceMaterial.uexp" 771
"../../../Engine/Content/EngineMaterials/FlatNormal.uasset" 772
"../../../Engine/Content/EngineMaterials/FlatNormal.uexp" 773
"../../../Engine/Content/EditorLandscapeResources/WhiteSquareTexture.uasset" 774
"../../../Engine/Content/EditorLandscapeResources/WhiteSquareTexture.uexp" 775
"../../../Engine/Plugins/Interchange/Runtime/Content/Materials/OrenNayerMaterial.uasset" 776
"../../../Engine/Plugins/Interchange/Runtime/Content/Materials/OrenNayerMaterial.uexp" 777
"../../../Engine/Plugins/Interchange/Runtime/Content/Materials/LambertSurfaceMaterial.uasset" 778
"../../../Engine/Plugins/Interchange/Runtime/Content/Materials/LambertSurfaceMaterial.uexp" 779
"../../../Engine/Plugins/Interchange/Runtime/Content/Materials/ClearCoatMaterial.uasset" 780
"../../../Engine/Plugins/Interchange/Runtime/Content/Materials/ClearCoatMaterial.uexp" 781
"../../../Engine/Plugins/Interchange/Runtime/Content/Pipelines/DefaultTexturePipeline.uasset" 782
"../../../Engine/Plugins/Interchange/Runtime/Content/Pipelines/DefaultTexturePipeline.uexp" 783
"../../../Engine/Plugins/Interchange/Runtime/Content/Pipelines/DefaultSceneLevelPipeline.uasset" 784
"../../../Engine/Plugins/Interchange/Runtime/Content/Pipelines/DefaultSceneLevelPipeline.uexp" 785
"../../../Engine/Plugins/Interchange/Runtime/Content/Pipelines/DefaultSceneAssetsPipeline.uasset" 786
"../../../Engine/Plugins/Interchange/Runtime/Content/Pipelines/DefaultSceneAssetsPipeline.uexp" 787
"../../../Engine/Plugins/Interchange/Runtime/Content/Pipelines/DefaultMaterialPipeline.uasset" 788
"../../../Engine/Plugins/Interchange/Runtime/Content/Pipelines/DefaultMaterialPipeline.uexp" 789
"../../../Engine/Plugins/Interchange/Runtime/Content/Pipelines/DefaultAssetsPipeline.uasset" 790
"../../../Engine/Plugins/Interchange/Runtime/Content/Pipelines/DefaultAssetsPipeline.uexp" 791
"../../../Engine/Plugins/Marketplace/OculusXR/Content/Materials/PokeAHoleMaterial.uasset" 792
"../../../Engine/Plugins/Marketplace/OculusXR/Content/Materials/PokeAHoleMaterial.uexp" 793
"../../../Engine/Plugins/Marketplace/OculusXR/Content/Materials/PokeAHoleInverseMaterial.uasset" 794
"../../../Engine/Plugins/Marketplace/OculusXR/Content/Materials/PokeAHoleInverseMaterial.uexp" 795
"../../../Engine/Plugins/Marketplace/OculusXR/Content/Materials/OculusMR_OpaqueColoredMaterial.uasset" 796
"../../../Engine/Plugins/Marketplace/OculusXR/Content/Materials/OculusMR_OpaqueColoredMaterial.uexp" 797
"../../../Engine/Plugins/Runtime/MeshModelingToolset/Content/Materials/M_DynamicMeshComponentVtxColor.uasset" 798
"../../../Engine/Plugins/Runtime/MeshModelingToolset/Content/Materials/M_DynamicMeshComponentVtxColor.uexp" 799
"D:/uni/vr/JunkJavelinVR/Content/VRTemplate/Haptics/GrabHapticEffect.uasset" 800
"D:/uni/vr/JunkJavelinVR/Content/VRTemplate/Haptics/GrabHapticEffect.uexp" 801
"D:/uni/vr/JunkJavelinVR/Content/VRTemplate/Blueprints/GrabType.uasset" 802
"D:/uni/vr/JunkJavelinVR/Content/VRTemplate/Blueprints/GrabType.uexp" 803
"D:/uni/vr/JunkJavelinVR/Content/VRTemplate/Blueprints/GrabComponent.uasset" 804
"D:/uni/vr/JunkJavelinVR/Content/VRTemplate/Blueprints/GrabComponent.uexp" 805
"../../../Engine/Plugins/FX/Niagara/Content/Enums/ENiagara_MassInitializationMode.uasset" 806
"../../../Engine/Plugins/FX/Niagara/Content/Enums/ENiagara_MassInitializationMode.uexp" 807
"../../../Engine/Plugins/FX/Niagara/Content/Enums/ENiagaraRandomnessMode.uasset" 808
"../../../Engine/Plugins/FX/Niagara/Content/Enums/ENiagaraRandomnessMode.uexp" 809
"../../../Engine/Plugins/FX/Niagara/Content/Enums/ENiagaraRandomnessEvaluation.uasset" 810
"../../../Engine/Plugins/FX/Niagara/Content/Enums/ENiagaraRandomnessEvaluation.uexp" 811
"../../../Engine/Plugins/FX/Niagara/Content/Enums/ENiagaraArraySamplingMode.uasset" 812
"../../../Engine/Plugins/FX/Niagara/Content/Enums/ENiagaraArraySamplingMode.uexp" 813
"../../../Engine/Plugins/FX/Niagara/Content/Enums/ENiagara_WrapClamp.uasset" 814
"../../../Engine/Plugins/FX/Niagara/Content/Enums/ENiagara_WrapClamp.uexp" 815
"../../../Engine/Plugins/FX/Niagara/Content/Enums/ENiagara_PositionInitializationMode.uasset" 816
"../../../Engine/Plugins/FX/Niagara/Content/Enums/ENiagara_PositionInitializationMode.uexp" 817
"../../../Engine/Plugins/FX/Niagara/Content/Enums/ENiagara_LifetimeMode.uasset" 818
"../../../Engine/Plugins/FX/Niagara/Content/Enums/ENiagara_LifetimeMode.uexp" 819
"../../../Engine/Plugins/FX/Niagara/Content/Enums/ENiagaraEmitterLifeCycleMode.uasset" 820
"../../../Engine/Plugins/FX/Niagara/Content/Enums/ENiagaraEmitterLifeCycleMode.uexp" 821
"../../../Engine/Plugins/FX/Niagara/Content/Enums/ENiagara_InfiniteLoopDuration.uasset" 822
"../../../Engine/Plugins/FX/Niagara/Content/Enums/ENiagara_InfiniteLoopDuration.uexp" 823
"../../../Engine/Plugins/FX/Niagara/Content/Enums/ENiagara_EmitterStateOptions.uasset" 824
"../../../Engine/Plugins/FX/Niagara/Content/Enums/ENiagara_EmitterStateOptions.uexp" 825
"../../../Engine/Plugins/FX/Niagara/Content/Enums/ENiagaraInactiveMode.uasset" 826
"../../../Engine/Plugins/FX/Niagara/Content/Enums/ENiagaraInactiveMode.uexp" 827
"../../../Engine/Plugins/FX/Niagara/Content/Enums/ENiagaraExecutionStateManagement.uasset" 828
"../../../Engine/Plugins/FX/Niagara/Content/Enums/ENiagaraExecutionStateManagement.uexp" 829
"../../../Engine/Plugins/FX/Niagara/Content/Enums/ENiagaraEmitterScalabilityMode_Limited.uasset" 830
"../../../Engine/Plugins/FX/Niagara/Content/Enums/ENiagaraEmitterScalabilityMode_Limited.uexp" 831
"../../../Engine/Plugins/FX/Niagara/Content/Enums/Ribbons/ENiagara_UnsetDirectSet.uasset" 832
"../../../Engine/Plugins/FX/Niagara/Content/Enums/Ribbons/ENiagara_UnsetDirectSet.uexp" 833
"../../../Engine/Plugins/FX/Niagara/Content/Enums/ENiagara_ColorInitializationMode.uasset" 834
"../../../Engine/Plugins/FX/Niagara/Content/Enums/ENiagara_ColorInitializationMode.uexp" 835
"../../../Engine/Plugins/FX/Niagara/Content/Enums/ENiagaraChannelCorrelation.uasset" 836
"../../../Engine/Plugins/FX/Niagara/Content/Enums/ENiagaraChannelCorrelation.uexp" 837
"../../../Engine/Plugins/FX/Niagara/Content/Enums/ENiagaraSystemInactiveMode.uasset" 838
"../../../Engine/Plugins/FX/Niagara/Content/Enums/ENiagaraSystemInactiveMode.uexp" 839
"D:/uni/vr/JunkJavelinVR/Content/VRTemplate/VFX/NPC_VRTemplate.uasset" 840
"D:/uni/vr/JunkJavelinVR/Content/VRTemplate/VFX/NPC_VRTemplate.uexp" 841
"../../../Engine/Content/EngineMaterials/Good64x64TilingNoiseHighFreq.uasset" 842
"../../../Engine/Content/EngineMaterials/Good64x64TilingNoiseHighFreq.uexp" 843
"../../../Engine/Content/Functions/Engine_MaterialFunctions02/Utility/DepthFromWorldPosition.uasset" 844
"../../../Engine/Content/Functions/Engine_MaterialFunctions02/Utility/DepthFromWorldPosition.uexp" 845
"D:/uni/vr/JunkJavelinVR/Content/VRTemplate/Materials/Functions/MF_OccludedPixels.uasset" 846
"D:/uni/vr/JunkJavelinVR/Content/VRTemplate/Materials/Functions/MF_OccludedPixels.uexp" 847
"D:/uni/vr/JunkJavelinVR/Content/VRTemplate/Materials/M_TeleportNoise.uasset" 848
"D:/uni/vr/JunkJavelinVR/Content/VRTemplate/Materials/M_TeleportNoise.uexp" 849
"../../../Engine/Plugins/FX/Niagara/Content/Icons/Modules/T_Icon_Particle_InfiniteLife.uasset" 850
"../../../Engine/Plugins/FX/Niagara/Content/Icons/Modules/T_Icon_Particle_InfiniteLife.uexp" 851
"D:/uni/vr/JunkJavelinVR/Content/VRTemplate/VFX/NS_PlayAreaBounds.uasset" 852
"D:/uni/vr/JunkJavelinVR/Content/VRTemplate/VFX/NS_PlayAreaBounds.uexp" 853
"../../../Engine/Content/BasicShapes/Cylinder.uasset" 854
"../../../Engine/Content/BasicShapes/Cylinder.uexp" 855
"../../../Engine/Plugins/FX/Niagara/Content/Enums/ENiagaraTorusDistributionMode.uasset" 856
"../../../Engine/Plugins/FX/Niagara/Content/Enums/ENiagaraTorusDistributionMode.uexp" 857
"../../../Engine/Plugins/FX/Niagara/Content/Enums/ENiagaraTorusMode.uasset" 858
"../../../Engine/Plugins/FX/Niagara/Content/Enums/ENiagaraTorusMode.uexp" 859
"../../../Engine/Plugins/FX/Niagara/Content/Enums/ENiagara_SizeScaleMode.uasset" 860
"../../../Engine/Plugins/FX/Niagara/Content/Enums/ENiagara_SizeScaleMode.uexp" 861
"../../../Engine/Plugins/FX/Niagara/Content/Enums/ENiagara_UVFlippingMode.uasset" 862
"../../../Engine/Plugins/FX/Niagara/Content/Enums/ENiagara_UVFlippingMode.uexp" 863
"../../../Engine/Plugins/FX/Niagara/Content/Enums/Ribbons/ENiagara_UnsetDirectSetRandom.uasset" 864
"../../../Engine/Plugins/FX/Niagara/Content/Enums/Ribbons/ENiagara_UnsetDirectSetRandom.uexp" 865
"../../../Engine/Plugins/FX/Niagara/Content/Enums/ENiagara_SpriteRotationMode.uasset" 866
"../../../Engine/Plugins/FX/Niagara/Content/Enums/ENiagara_SpriteRotationMode.uexp" 867
"D:/uni/vr/JunkJavelinVR/Content/VRTemplate/Materials/M_TeleportCylinder.uasset" 868
"D:/uni/vr/JunkJavelinVR/Content/VRTemplate/Materials/M_TeleportCylinder.uexp" 869
"../../../Engine/Plugins/FX/Niagara/Content/Enums/ENiagaraVector4_Channels.uasset" 870
"../../../Engine/Plugins/FX/Niagara/Content/Enums/ENiagaraVector4_Channels.uexp" 871
"D:/uni/vr/JunkJavelinVR/Content/VRTemplate/VFX/NS_TeleportRing.uasset" 872
"D:/uni/vr/JunkJavelinVR/Content/VRTemplate/VFX/NS_TeleportRing.uexp" 873
"D:/uni/vr/JunkJavelinVR/Content/VRTemplate/Blueprints/VRTeleportVisualizer.uasset" 874
"D:/uni/vr/JunkJavelinVR/Content/VRTemplate/Blueprints/VRTeleportVisualizer.uexp" 875
"D:/uni/vr/JunkJavelinVR/Content/Characters/MannequinsXR/Textures/Manny/T_Manny_02_MSR_MSK.ubulk" 876
"D:/uni/vr/JunkJavelinVR/Content/Characters/MannequinsXR/Textures/Manny/T_Manny_02_MSR_MSK.uasset" 877
"D:/uni/vr/JunkJavelinVR/Content/Characters/MannequinsXR/Textures/Manny/T_Manny_02_MSR_MSK.uexp" 878
"D:/uni/vr/JunkJavelinVR/Content/Characters/MannequinsXR/Textures/Manny/T_Manny_02_N.ubulk" 879
"D:/uni/vr/JunkJavelinVR/Content/Characters/MannequinsXR/Textures/Manny/T_Manny_02_N.uasset" 880
"D:/uni/vr/JunkJavelinVR/Content/Characters/MannequinsXR/Textures/Manny/T_Manny_02_N.uexp" 881
"D:/uni/vr/JunkJavelinVR/Content/Characters/MannequinsXR/Textures/Manny/T_Manny_02_Tan.ubulk" 882
"D:/uni/vr/JunkJavelinVR/Content/Characters/MannequinsXR/Textures/Manny/T_Manny_02_Tan.uasset" 883
"D:/uni/vr/JunkJavelinVR/Content/Characters/MannequinsXR/Textures/Manny/T_Manny_02_Tan.uexp" 884
"D:/uni/vr/JunkJavelinVR/Content/Characters/MannequinsXR/Textures/Manny/T_Manny_01_BN.ubulk" 885
"D:/uni/vr/JunkJavelinVR/Content/Characters/MannequinsXR/Textures/Manny/T_Manny_01_BN.uasset" 886
"D:/uni/vr/JunkJavelinVR/Content/Characters/MannequinsXR/Textures/Manny/T_Manny_01_BN.uexp" 887
"D:/uni/vr/JunkJavelinVR/Content/Characters/MannequinsXR/Textures/Manny/T_Manny_01_ASAOPMASK_MSK.ubulk" 888
"D:/uni/vr/JunkJavelinVR/Content/Characters/MannequinsXR/Textures/Manny/T_Manny_01_ASAOPMASK_MSK.uasset" 889
"D:/uni/vr/JunkJavelinVR/Content/Characters/MannequinsXR/Textures/Manny/T_Manny_01_ASAOPMASK_MSK.uexp" 890
"D:/uni/vr/JunkJavelinVR/Content/Characters/MannequinsXR/Textures/Manny/T_Manny_01_D.ubulk" 891
"D:/uni/vr/JunkJavelinVR/Content/Characters/MannequinsXR/Textures/Manny/T_Manny_01_D.uasset" 892
"D:/uni/vr/JunkJavelinVR/Content/Characters/MannequinsXR/Textures/Manny/T_Manny_01_D.uexp" 893
"D:/uni/vr/JunkJavelinVR/Content/Characters/MannequinsXR/Textures/Manny/T_Manny_01_Tan.ubulk" 894
"D:/uni/vr/JunkJavelinVR/Content/Characters/MannequinsXR/Textures/Manny/T_Manny_01_Tan.uasset" 895
"D:/uni/vr/JunkJavelinVR/Content/Characters/MannequinsXR/Textures/Manny/T_Manny_01_Tan.uexp" 896
"D:/uni/vr/JunkJavelinVR/Content/Characters/MannequinsXR/Textures/Manny/T_Manny_01_N.ubulk" 897
"D:/uni/vr/JunkJavelinVR/Content/Characters/MannequinsXR/Textures/Manny/T_Manny_01_N.uasset" 898
"D:/uni/vr/JunkJavelinVR/Content/Characters/MannequinsXR/Textures/Manny/T_Manny_01_N.uexp" 899
"D:/uni/vr/JunkJavelinVR/Content/Characters/MannequinsXR/Textures/Manny/T_Manny_01_MSR_MSK.ubulk" 900
"D:/uni/vr/JunkJavelinVR/Content/Characters/MannequinsXR/Textures/Manny/T_Manny_01_MSR_MSK.uasset" 901
"D:/uni/vr/JunkJavelinVR/Content/Characters/MannequinsXR/Textures/Manny/T_Manny_01_MSR_MSK.uexp" 902
"D:/uni/vr/JunkJavelinVR/Content/Characters/MannequinsXR/Textures/Manny/T_Manny_01_CCRCCPlastic_MSK.ubulk" 903
"D:/uni/vr/JunkJavelinVR/Content/Characters/MannequinsXR/Textures/Manny/T_Manny_01_CCRCCPlastic_MSK.uasset" 904
"D:/uni/vr/JunkJavelinVR/Content/Characters/MannequinsXR/Textures/Manny/T_Manny_01_CCRCCPlastic_MSK.uexp" 905
"D:/uni/vr/JunkJavelinVR/Content/Characters/MannequinsXR/Materials/Functions/ML_BaseColorFallOff.uasset" 906
"D:/uni/vr/JunkJavelinVR/Content/Characters/MannequinsXR/Materials/Functions/ML_BaseColorFallOff.uexp" 907
"D:/uni/vr/JunkJavelinVR/Content/Characters/MannequinsXR/Materials/Functions/ChromaticCurve.uasset" 908
"D:/uni/vr/JunkJavelinVR/Content/Characters/MannequinsXR/Materials/Functions/ChromaticCurve.uexp" 909
"D:/uni/vr/JunkJavelinVR/Content/Characters/MannequinsXR/Materials/Functions/CA_Mannequin.uasset" 910
"D:/uni/vr/JunkJavelinVR/Content/Characters/MannequinsXR/Materials/Functions/CA_Mannequin.uexp" 911
"D:/uni/vr/JunkJavelinVR/Content/Characters/MannequinsXR/Materials/Functions/MF_Diffraction.uasset" 912
"D:/uni/vr/JunkJavelinVR/Content/Characters/MannequinsXR/Materials/Functions/MF_Diffraction.uexp" 913
"D:/uni/vr/JunkJavelinVR/Content/Characters/MannequinsXR/Textures/Shared/T_UE_Logo_M.uasset" 914
"D:/uni/vr/JunkJavelinVR/Content/Characters/MannequinsXR/Textures/Shared/T_UE_Logo_M.uexp" 915
"../../../Engine/Content/Functions/Engine_MaterialFunctions01/Texturing/ScaleUVsByCenter.uasset" 916
"../../../Engine/Content/Functions/Engine_MaterialFunctions01/Texturing/ScaleUVsByCenter.uexp" 917
"D:/uni/vr/JunkJavelinVR/Content/Characters/MannequinsXR/Materials/Functions/MF_logo3layers.uasset" 918
"D:/uni/vr/JunkJavelinVR/Content/Characters/MannequinsXR/Materials/Functions/MF_logo3layers.uexp" 919
"D:/uni/vr/JunkJavelinVR/Content/Characters/MannequinsXR/Materials/M_Mannequin.uasset" 920
"D:/uni/vr/JunkJavelinVR/Content/Characters/MannequinsXR/Materials/M_Mannequin.uexp" 921
"D:/uni/vr/JunkJavelinVR/Content/Characters/MannequinsXR/Materials/Instances/Manny/MI_Manny_01.uasset" 922
"D:/uni/vr/JunkJavelinVR/Content/Characters/MannequinsXR/Materials/Instances/Manny/MI_Manny_01.uexp" 923
"D:/uni/vr/JunkJavelinVR/Content/Characters/MannequinsXR/Textures/Manny/T_Manny_02_D.ubulk" 924
"D:/uni/vr/JunkJavelinVR/Content/Characters/MannequinsXR/Textures/Manny/T_Manny_02_D.uasset" 925
"D:/uni/vr/JunkJavelinVR/Content/Characters/MannequinsXR/Textures/Manny/T_Manny_02_D.uexp" 926
"D:/uni/vr/JunkJavelinVR/Content/Characters/MannequinsXR/Textures/Manny/T_Manny_02_ASAOPMASK_MSK.ubulk" 927
"D:/uni/vr/JunkJavelinVR/Content/Characters/MannequinsXR/Textures/Manny/T_Manny_02_ASAOPMASK_MSK.uasset" 928
"D:/uni/vr/JunkJavelinVR/Content/Characters/MannequinsXR/Textures/Manny/T_Manny_02_ASAOPMASK_MSK.uexp" 929
"D:/uni/vr/JunkJavelinVR/Content/Characters/MannequinsXR/Textures/Manny/T_Manny_02_CCRCCPlastic_MSK.ubulk" 930
"D:/uni/vr/JunkJavelinVR/Content/Characters/MannequinsXR/Textures/Manny/T_Manny_02_CCRCCPlastic_MSK.uasset" 931
"D:/uni/vr/JunkJavelinVR/Content/Characters/MannequinsXR/Textures/Manny/T_Manny_02_CCRCCPlastic_MSK.uexp" 932
"D:/uni/vr/JunkJavelinVR/Content/Characters/MannequinsXR/Textures/Manny/T_Manny_02_BN.ubulk" 933
"D:/uni/vr/JunkJavelinVR/Content/Characters/MannequinsXR/Textures/Manny/T_Manny_02_BN.uasset" 934
"D:/uni/vr/JunkJavelinVR/Content/Characters/MannequinsXR/Textures/Manny/T_Manny_02_BN.uexp" 935
"D:/uni/vr/JunkJavelinVR/Content/Characters/MannequinsXR/Materials/Instances/Manny/MI_Manny_02.uasset" 936
"D:/uni/vr/JunkJavelinVR/Content/Characters/MannequinsXR/Materials/Instances/Manny/MI_Manny_02.uexp" 937
"D:/uni/vr/JunkJavelinVR/Content/Characters/MannequinsXR/Meshes/SK_MannequinsXR.uasset" 938
"D:/uni/vr/JunkJavelinVR/Content/Characters/MannequinsXR/Meshes/SK_MannequinsXR.uexp" 939
"D:/uni/vr/JunkJavelinVR/Content/Characters/MannequinsXR/Meshes/SKM_MannyXR_left.uasset" 940
"D:/uni/vr/JunkJavelinVR/Content/Characters/MannequinsXR/Meshes/SKM_MannyXR_left.uexp" 941
"../../../Engine/Content/Animation/DefaultAnimCurveCompressionSettings.uasset" 942
"../../../Engine/Content/Animation/DefaultAnimCurveCompressionSettings.uexp" 943
"../../../Engine/Content/Animation/DefaultRecorderBoneCompression.uasset" 944
"../../../Engine/Content/Animation/DefaultRecorderBoneCompression.uexp" 945
"D:/uni/vr/JunkJavelinVR/Content/Characters/MannequinsXR/Animations/A_MannequinsXR_Idle_Right.uasset" 946
"D:/uni/vr/JunkJavelinVR/Content/Characters/MannequinsXR/Animations/A_MannequinsXR_Idle_Right.uexp" 947
"D:/uni/vr/JunkJavelinVR/Content/Characters/MannequinsXR/Animations/A_MannequinsXR_ThumbUp_Right.uasset" 948
"D:/uni/vr/JunkJavelinVR/Content/Characters/MannequinsXR/Animations/A_MannequinsXR_ThumbUp_Right.uexp" 949
"D:/uni/vr/JunkJavelinVR/Content/Characters/MannequinsXR/Animations/A_MannequinsXR_Point_Right.uasset" 950
"D:/uni/vr/JunkJavelinVR/Content/Characters/MannequinsXR/Animations/A_MannequinsXR_Point_Right.uexp" 951
"D:/uni/vr/JunkJavelinVR/Content/Characters/MannequinsXR/Animations/MDT_MannequinsXR.uasset" 952
"D:/uni/vr/JunkJavelinVR/Content/Characters/MannequinsXR/Animations/MDT_MannequinsXR.uexp" 953
"D:/uni/vr/JunkJavelinVR/Content/Characters/MannequinsXR/Animations/A_MannequinsXR_Grasp_Right.uasset" 954
"D:/uni/vr/JunkJavelinVR/Content/Characters/MannequinsXR/Animations/A_MannequinsXR_Grasp_Right.uexp" 955
"D:/uni/vr/JunkJavelinVR/Content/Characters/MannequinsXR/Animations/A_MannequinsXR_IndexCurl_Right.uasset" 956
"D:/uni/vr/JunkJavelinVR/Content/Characters/MannequinsXR/Animations/A_MannequinsXR_IndexCurl_Right.uexp" 957
"D:/uni/vr/JunkJavelinVR/Content/Characters/MannequinsXR/Meshes/ABP_MannequinsXR.uasset" 958
"D:/uni/vr/JunkJavelinVR/Content/Characters/MannequinsXR/Meshes/ABP_MannequinsXR.uexp" 959
"D:/uni/vr/JunkJavelinVR/Content/Characters/MannequinsXR/B_MannequinsXR.uasset" 960
"D:/uni/vr/JunkJavelinVR/Content/Characters/MannequinsXR/B_MannequinsXR.uexp" 961
"../../../Engine/Plugins/FX/Niagara/Content/Icons/Modules/T_Icon_Solver_LimitSpeed.uasset" 962
"../../../Engine/Plugins/FX/Niagara/Content/Icons/Modules/T_Icon_Solver_LimitSpeed.uexp" 963
"../../../Engine/Plugins/FX/Niagara/Content/Icons/Modules/T_Icon_Solver_RotationalSolve.uasset" 964
"../../../Engine/Plugins/FX/Niagara/Content/Icons/Modules/T_Icon_Solver_RotationalSolve.uexp" 965
"../../../Engine/Plugins/FX/Niagara/Content/Icons/Modules/T_Icon_Solver_LimitAccel.uasset" 966
"../../../Engine/Plugins/FX/Niagara/Content/Icons/Modules/T_Icon_Solver_LimitAccel.uexp" 967
"D:/uni/vr/JunkJavelinVR/Content/VRTemplate/Materials/DefaultRibbonMaterial_NoGradient.uasset" 968
"D:/uni/vr/JunkJavelinVR/Content/VRTemplate/Materials/DefaultRibbonMaterial_NoGradient.uexp" 969
"D:/uni/vr/JunkJavelinVR/Content/VRTemplate/VFX/NS_TeleportTrace.uasset" 970
"D:/uni/vr/JunkJavelinVR/Content/VRTemplate/VFX/NS_TeleportTrace.uexp" 971
"D:/uni/vr/JunkJavelinVR/Content/Characters/MannequinsXR/Meshes/SKM_MannyXR_right.uasset" 972
"D:/uni/vr/JunkJavelinVR/Content/Characters/MannequinsXR/Meshes/SKM_MannyXR_right.uexp" 973
"../../../Engine/Content/VREditor/Devices/Generic/GenericHMDMaterial.uasset" 974
"../../../Engine/Content/VREditor/Devices/Generic/GenericHMDMaterial.uexp" 975
"../../../Engine/Content/VREditor/Devices/Generic/GenericHMD.uasset" 976
"../../../Engine/Content/VREditor/Devices/Generic/GenericHMD.uexp" 977
"../../../Engine/Content/BasicShapes/Sphere.uasset" 978
"../../../Engine/Content/BasicShapes/Sphere.uexp" 979
"D:/uni/vr/JunkJavelinVR/Content/VRTemplate/VFX/NS_MenuLaser.uasset" 980
"D:/uni/vr/JunkJavelinVR/Content/VRTemplate/VFX/NS_MenuLaser.uexp" 981
"D:/uni/vr/JunkJavelinVR/Content/VRTemplate/Blueprints/WidgetMenu.uasset" 982
"D:/uni/vr/JunkJavelinVR/Content/VRTemplate/Blueprints/WidgetMenu.uexp" 983
"D:/uni/vr/JunkJavelinVR/Content/VRTemplate/Materials/M_VRCursor.uasset" 984
"D:/uni/vr/JunkJavelinVR/Content/VRTemplate/Materials/M_VRCursor.uexp" 985
"../../../Engine/Content/EditorBlueprintResources/StandardMacros.uasset" 986
"../../../Engine/Content/EditorBlueprintResources/StandardMacros.uexp" 987
"D:/uni/vr/JunkJavelinVR/Content/VRTemplate/Blueprints/Menu.uasset" 988
"D:/uni/vr/JunkJavelinVR/Content/VRTemplate/Blueprints/Menu.uexp" 989
"D:/uni/vr/JunkJavelinVR/Content/FPWeapon/Mesh/SK_FPGun_Skeleton.uasset" 990
"D:/uni/vr/JunkJavelinVR/Content/FPWeapon/Mesh/SK_FPGun_Skeleton.uexp" 991
"D:/uni/vr/JunkJavelinVR/Content/FPWeapon/Materials/MaterialLayers/T_ML_Rubber_Blue_01_D.ubulk" 992
"D:/uni/vr/JunkJavelinVR/Content/FPWeapon/Materials/MaterialLayers/T_ML_Rubber_Blue_01_D.uasset" 993
"D:/uni/vr/JunkJavelinVR/Content/FPWeapon/Materials/MaterialLayers/T_ML_Rubber_Blue_01_D.uexp" 994
"D:/uni/vr/JunkJavelinVR/Content/FPWeapon/Textures/T_FPGun_N.ubulk" 995
"D:/uni/vr/JunkJavelinVR/Content/FPWeapon/Textures/T_FPGun_N.uasset" 996
"D:/uni/vr/JunkJavelinVR/Content/FPWeapon/Textures/T_FPGun_N.uexp" 997
"../../../Engine/Content/Functions/Engine_MaterialFunctions02/Utility/BlendAngleCorrectedNormals.uasset" 998
"../../../Engine/Content/Functions/Engine_MaterialFunctions02/Utility/BlendAngleCorrectedNormals.uexp" 999
"../../../Engine/Content/Functions/MaterialLayerFunctions/MatLayerBlend_NormalBlend.uasset" 1000
"../../../Engine/Content/Functions/MaterialLayerFunctions/MatLayerBlend_NormalBlend.uexp" 1001
"D:/uni/vr/JunkJavelinVR/Content/FPWeapon/Materials/MaterialLayers/T_ML_Rubber_Blue_01_N.ubulk" 1002
"D:/uni/vr/JunkJavelinVR/Content/FPWeapon/Materials/MaterialLayers/T_ML_Rubber_Blue_01_N.uasset" 1003
"D:/uni/vr/JunkJavelinVR/Content/FPWeapon/Materials/MaterialLayers/T_ML_Rubber_Blue_01_N.uexp" 1004
"D:/uni/vr/JunkJavelinVR/Content/FPWeapon/Materials/MaterialLayers/ML_Screen.uasset" 1005
"D:/uni/vr/JunkJavelinVR/Content/FPWeapon/Materials/MaterialLayers/ML_Screen.uexp" 1006
"D:/uni/vr/JunkJavelinVR/Content/FPWeapon/Materials/MaterialLayers/T_ML_Aluminum01_N.ubulk" 1007
"D:/uni/vr/JunkJavelinVR/Content/FPWeapon/Materials/MaterialLayers/T_ML_Aluminum01_N.uasset" 1008
"D:/uni/vr/JunkJavelinVR/Content/FPWeapon/Materials/MaterialLayers/T_ML_Aluminum01_N.uexp" 1009
"D:/uni/vr/JunkJavelinVR/Content/FPWeapon/Materials/MaterialLayers/T_ML_Aluminum01.ubulk" 1010
"D:/uni/vr/JunkJavelinVR/Content/FPWeapon/Materials/MaterialLayers/T_ML_Aluminum01.uasset" 1011
"D:/uni/vr/JunkJavelinVR/Content/FPWeapon/Materials/MaterialLayers/T_ML_Aluminum01.uexp" 1012
"D:/uni/vr/JunkJavelinVR/Content/FPWeapon/Materials/MaterialLayers/ML_SoftMetal_UE4.uasset" 1013
"D:/uni/vr/JunkJavelinVR/Content/FPWeapon/Materials/MaterialLayers/ML_SoftMetal_UE4.uexp" 1014
"../../../Engine/Content/Functions/MaterialLayerFunctions/MatLayerBlend_Simple.uasset" 1015
"../../../Engine/Content/Functions/MaterialLayerFunctions/MatLayerBlend_Simple.uexp" 1016
"D:/uni/vr/JunkJavelinVR/Content/FPWeapon/Textures/T_FPGun_M.ubulk" 1017
"D:/uni/vr/JunkJavelinVR/Content/FPWeapon/Textures/T_FPGun_M.uasset" 1018
"D:/uni/vr/JunkJavelinVR/Content/FPWeapon/Textures/T_FPGun_M.uexp" 1019
"D:/uni/vr/JunkJavelinVR/Content/FPWeapon/Materials/MaterialLayers/ML_Plastic_Shiny_Beige.uasset" 1020
"D:/uni/vr/JunkJavelinVR/Content/FPWeapon/Materials/MaterialLayers/ML_Plastic_Shiny_Beige.uexp" 1021
"D:/uni/vr/JunkJavelinVR/Content/FPWeapon/Materials/MaterialLayers/ML_GlossyBlack_Latex_UE4.uasset" 1022
"D:/uni/vr/JunkJavelinVR/Content/FPWeapon/Materials/MaterialLayers/ML_GlossyBlack_Latex_UE4.uexp" 1023
"D:/uni/vr/JunkJavelinVR/Content/FPWeapon/Materials/M_FPGun.uasset" 1024
"D:/uni/vr/JunkJavelinVR/Content/FPWeapon/Materials/M_FPGun.uexp" 1025
"D:/uni/vr/JunkJavelinVR/Content/FPWeapon/Mesh/SK_FPGun_Physics.uasset" 1026
"D:/uni/vr/JunkJavelinVR/Content/FPWeapon/Mesh/SK_FPGun_Physics.uexp" 1027
"D:/uni/vr/JunkJavelinVR/Content/FPWeapon/Mesh/SK_FPGun.uasset" 1028
"D:/uni/vr/JunkJavelinVR/Content/FPWeapon/Mesh/SK_FPGun.uexp" 1029
"D:/uni/vr/JunkJavelinVR/Content/VRTemplate/Haptics/PistolFireHapticEffect.uasset" 1030
"D:/uni/vr/JunkJavelinVR/Content/VRTemplate/Haptics/PistolFireHapticEffect.uexp" 1031
"D:/uni/vr/JunkJavelinVR/Content/VRTemplate/Materials/M_Projectile.uasset" 1032
"D:/uni/vr/JunkJavelinVR/Content/VRTemplate/Materials/M_Projectile.uexp" 1033
"D:/uni/vr/JunkJavelinVR/Content/VRTemplate/Materials/MI_Projectile.uasset" 1034
"D:/uni/vr/JunkJavelinVR/Content/VRTemplate/Materials/MI_Projectile.uexp" 1035
"D:/uni/vr/JunkJavelinVR/Content/VRTemplate/Blueprints/Projectile.uasset" 1036
"D:/uni/vr/JunkJavelinVR/Content/VRTemplate/Blueprints/Projectile.uexp" 1037
"D:/uni/vr/JunkJavelinVR/Content/VRTemplate/Blueprints/Pistol.uasset" 1038
"D:/uni/vr/JunkJavelinVR/Content/VRTemplate/Blueprints/Pistol.uexp" 1039
"D:/uni/vr/JunkJavelinVR/Content/VRTemplate/Blueprints/VRPawn.uasset" 1040
"D:/uni/vr/JunkJavelinVR/Content/VRTemplate/Blueprints/VRPawn.uexp" 1041
"D:/uni/vr/JunkJavelinVR/Content/VRTemplate/Blueprints/VRGameMode.uasset" 1042
"D:/uni/vr/JunkJavelinVR/Content/VRTemplate/Blueprints/VRGameMode.uexp" 1043
"../../../Engine/Content/Maps/Entry_BuiltData.uasset" 1044
"../../../Engine/Content/Maps/Entry_BuiltData.uexp" 1045
"../../../Engine/Content/Maps/Entry.uexp" 1046
"../../../Engine/Content/Maps/Entry.umap" 1047
"../../../Engine/Content/EngineMaterials/BlendFunc_DefBlend.uasset" 1048
"../../../Engine/Content/EngineMaterials/BlendFunc_DefBlend.uexp" 1049
"../../../Engine/Content/EngineMaterials/BlendFunc_DefBase.uasset" 1050
"../../../Engine/Content/EngineMaterials/BlendFunc_DefBase.uexp" 1051
"../../../Engine/Content/Functions/Engine_MaterialFunctions03/Blends/Blend_Overlay.uasset" 1052
"../../../Engine/Content/Functions/Engine_MaterialFunctions03/Blends/Blend_Overlay.uexp" 1053
"../../../Engine/Content/OpenWorldTemplate/LandscapeMaterial/T_GridChecker_A.ubulk" 1054
"../../../Engine/Content/OpenWorldTemplate/LandscapeMaterial/T_GridChecker_A.uasset" 1055
"../../../Engine/Content/OpenWorldTemplate/LandscapeMaterial/T_GridChecker_A.uexp" 1056
"../../../Engine/Content/Functions/Engine_MaterialFunctions01/Gradient/LinearGradient.uasset" 1057
"../../../Engine/Content/Functions/Engine_MaterialFunctions01/Gradient/LinearGradient.uexp" 1058
"../../../Engine/Content/Functions/Engine_MaterialFunctions01/ImageAdjustment/CheapContrast.uasset" 1059
"../../../Engine/Content/Functions/Engine_MaterialFunctions01/ImageAdjustment/CheapContrast.uexp" 1060
"../../../Engine/Content/OpenWorldTemplate/LandscapeMaterial/MF_ProcGrid.uasset" 1061
"../../../Engine/Content/OpenWorldTemplate/LandscapeMaterial/MF_ProcGrid.uexp" 1062
"../../../Engine/Content/OpenWorldTemplate/LandscapeMaterial/M_ProcGrid.uasset" 1063
"../../../Engine/Content/OpenWorldTemplate/LandscapeMaterial/M_ProcGrid.uexp" 1064
"../../../Engine/Content/OpenWorldTemplate/LandscapeMaterial/MI_ProcGrid.uasset" 1065
"../../../Engine/Content/OpenWorldTemplate/LandscapeMaterial/MI_ProcGrid.uexp" 1066
"../../../Engine/Content/EngineSky/T_Sky_Stars.ubulk" 1067
"../../../Engine/Content/EngineSky/T_Sky_Stars.uasset" 1068
"../../../Engine/Content/EngineSky/T_Sky_Stars.uexp" 1069
"../../../Engine/Content/EngineSky/T_Sky_Clouds_M.ubulk" 1070
"../../../Engine/Content/EngineSky/T_Sky_Clouds_M.uasset" 1071
"../../../Engine/Content/EngineSky/T_Sky_Clouds_M.uexp" 1072
"../../../Engine/Content/EngineSky/T_Sky_Blue.ubulk" 1073
"../../../Engine/Content/EngineSky/T_Sky_Blue.uasset" 1074
"../../../Engine/Content/EngineSky/T_Sky_Blue.uexp" 1075
"../../../Engine/Content/EngineSky/M_Sky_Panning_Clouds2.uasset" 1076
"../../../Engine/Content/EngineSky/M_Sky_Panning_Clouds2.uexp" 1077
"../../../Engine/Content/EngineSky/SM_SkySphere.uasset" 1078
"../../../Engine/Content/EngineSky/SM_SkySphere.uexp" 1079
"../../../Engine/Content/MapTemplates/SM_Template_Map_Floor.uasset" 1080
"../../../Engine/Content/MapTemplates/SM_Template_Map_Floor.uexp" 1081
"D:/uni/vr/JunkJavelinVR/Content/LevelPrototyping/Materials/M_Solid.uasset" 1082
"D:/uni/vr/JunkJavelinVR/Content/LevelPrototyping/Materials/M_Solid.uexp" 1083
"D:/uni/vr/JunkJavelinVR/Content/LevelPrototyping/Materials/MI_Solid_Blue.uasset" 1084
"D:/uni/vr/JunkJavelinVR/Content/LevelPrototyping/Materials/MI_Solid_Blue.uexp" 1085
"D:/uni/vr/JunkJavelinVR/Content/LevelPrototyping/Meshes/SM_ChamferCube.uasset" 1086
"D:/uni/vr/JunkJavelinVR/Content/LevelPrototyping/Meshes/SM_ChamferCube.uexp" 1087
"D:/uni/vr/JunkJavelinVR/Content/Blueprints/JavelinBlueprint.uasset" 1088
"D:/uni/vr/JunkJavelinVR/Content/Blueprints/JavelinBlueprint.uexp" 1089
"D:/uni/vr/JunkJavelinVR/Content/StarterContent/Materials/M_Glass.uasset" 1090
"D:/uni/vr/JunkJavelinVR/Content/StarterContent/Materials/M_Glass.uexp" 1091
"D:/uni/vr/JunkJavelinVR/Content/StarterContent/Textures/T_Door_N.ubulk" 1092
"D:/uni/vr/JunkJavelinVR/Content/StarterContent/Textures/T_Door_N.uasset" 1093
"D:/uni/vr/JunkJavelinVR/Content/StarterContent/Textures/T_Door_N.uexp" 1094
"D:/uni/vr/JunkJavelinVR/Content/StarterContent/Textures/T_Door_M.ubulk" 1095
"D:/uni/vr/JunkJavelinVR/Content/StarterContent/Textures/T_Door_M.uasset" 1096
"D:/uni/vr/JunkJavelinVR/Content/StarterContent/Textures/T_Door_M.uexp" 1097
"D:/uni/vr/JunkJavelinVR/Content/StarterContent/Props/Materials/M_Door.uasset" 1098
"D:/uni/vr/JunkJavelinVR/Content/StarterContent/Props/Materials/M_Door.uexp" 1099
"D:/uni/vr/JunkJavelinVR/Content/StarterContent/Props/SM_Door.uasset" 1100
"D:/uni/vr/JunkJavelinVR/Content/StarterContent/Props/SM_Door.uexp" 1101
"../../../Engine/Content/EngineSky/M_SimpleSkyDome.uasset" 1102
"../../../Engine/Content/EngineSky/M_SimpleSkyDome.uexp" 1103
"D:/uni/vr/JunkJavelinVR/Content/Levels/EmptyLevel.uexp" 1104
"D:/uni/vr/JunkJavelinVR/Content/Levels/EmptyLevel.umap" 1105
